corn.lua:30;render;render 326
util.lua:167 200
highlighter.lua:361 95
highlighter.lua:361;on_line_impl;for_each_highlight_state;fn 52
init.lua:77;try;xpcall;router.lua:160;check_redraw;redraw;redraw;pcall;@0x01026383ec;highlighter.lua:361 52
init.lua:77;try;xpcall;router.lua:160;display;call.lua:134;xpcall;init.lua:153;show;render;render;render;highlight;highlight;on_render;pcall;cmdline.lua:222;redrawstatus;bufferline.lua:54;get_components;get_valid_buffers;init.lua:146 49
bufferline.lua:54;get_components;get_valid_buffers;init.lua:146 37
manager.lua:553 37
init.lua:77;try;xpcall;router.lua:160;check_redraw;redraw;redraw;pcall;@0x01026383ec;highlighter.lua:361;on_line_impl;for_each_highlight_state;fn 33
init.lua:77;try;xpcall;router.lua:160;check_redraw;redraw;redraw;pcall;@0x01026383ec;manager.lua:553 31
highlighter.lua:361;on_line_impl;for_each_highlight_state 28
decorator.lua:38 25
_editor.lua:0;;handler;handle_diagnostics;set;nvim_exec_autocmds;corn.lua:30;render;render 23
rpc.lua:251 23
highlighter.lua:361;on_line_impl;for_each_highlight_state;fn;iter;match_preds;fn 22
highlighter.lua:361;on_line_impl;for_each_highlight_state;fn;iter;match_preds;fn;handler;get_node_text;get_range 19
_editor.lua:0;;pcall;lualine.lua:507;refresh;nvim_win_call;lualine.lua:279;statusline;pcall;lualine.lua:160;draw_section 16
_editor.lua:0;;;pcall;call.lua:134;xpcall;router.lua:160;check_redraw;is_blocking 16
init.lua:77;try;xpcall;router.lua:160;check_redraw;redraw;redraw 15
lualine.lua:352;refresh;nvim_win_call;lualine.lua:279;statusline;pcall;lualine.lua:160;draw_section 15
highlighter.lua:361;on_line_impl;for_each_highlight_state;fn;iter 14
[string]:0 14
init.lua:77;try;xpcall;router.lua:160;check_redraw;redraw;redraw;pcall;@0x01026383ec;bufferline.lua:54;get_components;get_valid_buffers;init.lua:146 13
init.lua:77;try;xpcall;router.lua:160;display;call.lua:134;xpcall;init.lua:153;show;show;_open_win 11
_editor.lua:0 11
highlighter.lua:361;on_line_impl;for_each_highlight_state;fn;iter;match_preds;fn;handler;get_node_text 11
core.lua:309;open;get_entries;match;callback;match;fuzzy 10
highlighter.lua:361;on_line_impl;for_each_highlight_state;fn;iter;apply_directives;fn 10
rpc.lua:251;handle_body;handle_body 9
custom_entries_view.lua:57 8
inlay_hint.lua:320 8
core.lua:309;open;get_entries;match;callback;match;find_match_region 7
lualine.lua:352;refresh;nvim_win_call;lualine.lua:279;statusline;pcall;lualine.lua:85 7
core.lua:87;run;xpcall;alpha.lua:94;check_change_iskeyword;ft_get_option;pcall;options.lua:77;nvim_get_option_value;event.lua:72;trigger;try;xpcall;event.lua:156;nvim_exec_autocmds;util.lua:167 7
init.lua:77;try;xpcall;router.lua:160;display;check_options;reset;pcall;nui.lua:232;update_layout;_relayout;nvim_command;pcall;@0x0102646e34;bufferline.lua:54;get_components;get_valid_buffers;init.lua:146 7
init.lua:77;try;xpcall;router.lua:160;display;call.lua:134;xpcall;init.lua:153;show;mount;mount;set_buf_options;set_buf_option;nvim_set_option_value;config.lua:162 7
_editor.lua:0;;pcall;lualine.lua:507;refresh;nvim_win_call;lualine.lua:279;statusline;pcall;lualine.lua:160;draw_section;draw;apply_highlights 7
init.lua:77;try;xpcall;router.lua:160;check_redraw;redraw;redraw;pcall;@0x01026383ec;highlighter.lua:361;on_line_impl;for_each_highlight_state 7
init.lua:77;try;xpcall;router.lua:160;check_redraw;redraw;redraw;pcall;@0x01026383ec;highlighter.lua:361;on_line_impl;for_each_highlight_state;fn;iter 7
_editor.lua:0;;pcall;lualine.lua:507;refresh;nvim_win_call;lualine.lua:279;statusline;pcall;lualine.lua:85 6
highlighter.lua:392;prepare_highlight_states;for_each_tree;fn 6
init.lua:77;try;xpcall;router.lua:160;check_redraw;redraw;redraw;pcall;@0x01026383ec;[string]:0 6
core.lua:309;open;get_entries;match;callback;get_word;callback;get_word 6
highlighter.lua:392;prepare_highlight_states;for_each_tree 6
lualine.lua:352;refresh;nvim_win_call;lualine.lua:279;statusline;pcall;lualine.lua:160;draw_section;draw;apply_padding 6
bar.lua:780;tbl_isempty 6
core.lua:309;open;get_entries;match;callback;get_word;callback 6
init.lua:77;try;xpcall;router.lua:160;check_redraw;redraw;redraw;pcall;@0x01026383ec;highlighter.lua:361;on_line_impl;for_each_highlight_state;fn;iter;apply_directives;fn 6
highlighter.lua:392;prepare_highlight_states;for_each_tree;for_each_tree 5
highlighter.lua:361;on_line_impl;for_each_highlight_state;fn;iter_captures;memoize 5
init.lua:77;try;xpcall;router.lua:160;display;check_options;reset;pcall;nui.lua:232;update_layout;_relayout;nvim_command 5
highlighter.lua:392;prepare_highlight_states;for_each_tree;fn;query 5
core.lua:87;run;xpcall;alpha.lua:94;check_change_iskeyword;ft_get_option;pcall;options.lua:77;nvim_get_option_value;event.lua:72 5
init.lua:77;try;xpcall;router.lua:160;display;call.lua:134;xpcall;init.lua:153;show;mount;mount;mount;_open_window;nvim_command;pcall;@0x0102646e34;highlighter.lua:361 5
_editor.lua:0;;;highlight;pcall;highlight.lua:34;matchlist;util.lua:167 5
semantic_tokens.lua:800;on_win;set_mark 5
_editor.lua:0;;;pcall;call.lua:134;xpcall;router.lua:160;check_redraw;is_blocking;tbl_deep_extend 5
core.lua:309;open;get_entries;match;callback;match;get_next_semantic_index 5
bufferline.lua:54;get_components;new 5
core.lua:309;open;get_entries;match;callback;get_word;callback;tostring 5
_editor.lua:0;;pcall;lualine.lua:507;refresh;nvim_win_call;lualine.lua:279;statusline;pcall;lualine.lua:160;draw_section;draw;apply_padding 5
_editor.lua:0;;pcall;lualine.lua:507;refresh;nvim_win_call;lualine.lua:279;statusline;pcall;lualine.lua:160;draw_section;draw;update_status;pcall;lsp-progress.lua:274;inspect;putValue; 4
init.lua:77;try;xpcall;router.lua:160;display;call.lua:134;xpcall;init.lua:153;show;update_layout;update_layout;_relayout;nvim_command;pcall;@0x0102646e34;highlighter.lua:361;on_line_impl;for_each_highlight_state;fn;iter 4
highlighter.lua:361;on_line_impl;for_each_highlight_state;fn;iter_captures;memoize;validate;; 4
init.lua:77;try;xpcall;router.lua:160;display;call.lua:134;xpcall;init.lua:153;show;update_layout;update_layout;_relayout;nvim_command;pcall;@0x0102646e34;highlighter.lua:361;on_line_impl;for_each_highlight_state;fn;iter;match_preds;fn 4
_editor.lua:0;;callback;open;stylize_markdown;render;render;highlight;highlight;highlight;new;get;fn;fn 4
semantic_tokens.lua:800;on_win 4
highlighter.lua:361;on_line_impl;for_each_highlight_state;fn;iter_captures;memoize;validate;;; 4
core.lua:309;open;get_entries;match;callback 4
init.lua:77;try;xpcall;router.lua:160;display;call.lua:134;xpcall;init.lua:153;show;show;update;hide;pcall;@0x010263736c;[string]:0;npcall 4
_editor.lua:0;;;highlight;pcall;highlight.lua:34 4
[string]:0;run;init.lua:326;prepare;listen;get_map;equals;normalize;t 4
highlighter.lua:392;prepare_highlight_states;for_each_tree;for_each_tree;fn 4
util.lua:143;xpcall;util.lua:144;fn;new;xpcall;promise.lua:51;executor;main_call;nvim_win_call;section.lua:109;fn;finder;cb;build;inspect;putValue; 4
init.lua:77;try;xpcall;router.lua:160;check_redraw;redraw;redraw;pcall;@0x01026383ec;highlighter.lua:361;on_line_impl;for_each_highlight_state;fn;iter;match_preds;fn 4
core.lua:309;open;get_entries;match;callback;get_vim_item;callback;oneline 4
treesitter.lua:11;highlighter.lua:392;prepare_highlight_states;for_each_tree;fn 4
core.lua:87;run;xpcall;alpha.lua:94;check_change_iskeyword;ft_get_option;pcall;options.lua:77;nvim_get_option_value;configs.lua:132;reattach_module;detach_module;detach;stop;destroy;nvim_exec_autocmds;util.lua:167 4
_editor.lua:0;;;debounce;pcall;queue.lua:99;fire_event_internal;func;pcall;init.lua:1078;func;_for_each_state;action;redraw;pcall;renderer.lua:1129;render;_prepare_content;prepare;prepare;prepare;prepare_node;render_component;pcall;container.lua:313;render_content;render_component;pcall;components.lua:116;get_defined_sign 3
highlighter.lua:392;parse;_parse_regions;_do_callback;cb;redraw 3
init.lua:77;try;xpcall;router.lua:160;display;call.lua:134;xpcall;init.lua:153;show;update_layout;update_layout;_relayout;nvim_command;pcall;@0x0102646e34;highlighter.lua:361;on_line_impl;for_each_highlight_state;fn 3
_editor.lua:0; 3
async.lua:163;callback;prepare;listen;get_map;equals;normalize 3
core.lua:87;run;xpcall;alpha.lua:94;check_change_iskeyword;ft_get_option;pcall;options.lua:77;nvim_get_option_value;event.lua:72;load;_load;config;try;xpcall;loader.lua:364;config;require;colorizer.lua:0;require;buffer.lua:0;require;matcher.lua:0;require;loader.lua:0;loadfile;read; 3
init.lua:77;try;xpcall;router.lua:160;check_redraw;redraw;redraw;pcall;@0x01026383ec;highlighter.lua:361;on_line_impl;for_each_highlight_state;fn;iter_captures;memoize 3
_editor.lua:0;;handler;handle_diagnostics 3
_editor.lua:0;;new 3
init.lua:77;try;xpcall;router.lua:160;display;call.lua:134;xpcall;init.lua:153;show;mount;mount;mount;_open_window;nvim_command;pcall;@0x0102646e34;highlighter.lua:361;on_line_impl;for_each_highlight_state;fn 3
core.lua:87;run;xpcall;alpha.lua:94;check_change_iskeyword;ft_get_option;pcall;options.lua:77;nvim_get_option_value;event.lua:72;trigger;try;xpcall;event.lua:156;nvim_exec_autocmds;configs.lua:132;reattach_module;attach_module;attach;available_textobjects;get_query;fn;fn 3
deadcolumn.lua:140;scope 3
highlighter.lua:392;parse;_add_injections;tcall;f;(for generator) 3
init.lua:77;try;xpcall;router.lua:160;display;check_options;reset;pcall;nui.lua:232;update_layout;_relayout;nvim_command;pcall;@0x0102646e34;highlighter.lua:392;prepare_highlight_states;for_each_tree;fn 3
_editor.lua:0;;pcall;lualine.lua:507;refresh;nvim_win_call;lualine.lua:279;statusline;pcall;lualine.lua:160;draw_section;draw;update_status;pcall;lualine.lua:27;get_clients 3
util.lua:143;xpcall;util.lua:144;fn;new;xpcall;promise.lua:51;executor;main_call;nvim_win_call;section.lua:109;fn;finder;cb;build;inspect; 3
highlighter.lua:361;on_line_impl;for_each_highlight_state;fn;iter;match_preds;fn;handler 3
util.lua:143;xpcall;util.lua:144;fn;sections;section;node;node;item;format 3
_editor.lua:0;;_step;resume;entry.lua:212 3
sidebar.lua:236;_highlight_current_item;_update_lines;build_outline;(for generator) 3
bufferline.lua:98;toggle_bufferline;__index;__index 3
init.lua:77;try;xpcall;router.lua:160;check_redraw;redraw;redraw;pcall;@0x01026383ec;bar.lua:780;tbl_isempty 3
highlighter.lua:361;on_line_impl;for_each_highlight_state;fn;iter_captures;memoize;validate; 3
treesitter.lua:11;highlighter.lua:392;parse;is_valid 3
semantic_tokens.lua:800;on_win;lower_bound 3
lualine.lua:318;tbl_extend 3
util.lua:143;xpcall;util.lua:144;fn;sections;section;node;node;node;item;append 3
_editor.lua:0;;;pcall;health.lua:232;check 3
lualine.lua:352;refresh;nvim_win_call;lualine.lua:279;statusline;pcall;lualine.lua:160;draw_section;draw;update_status;pcall;lsp-progress.lua:274;tbl_deep_extend 3
init.lua:77;try;xpcall;router.lua:160;display;call.lua:134;xpcall;init.lua:153;show;render;render;render;highlight;highlight;on_render;pcall;cmdline.lua:222 3
core.lua:309;open;get_entries;match;callback;get_word;callback;parse;snippet;parser;parser;parser;parser 3
rpc.lua:66;parse_headers;gsplit;validate;; 3
init.lua:77;try;xpcall;router.lua:160;check_redraw;redraw;redraw;pcall;@0x01026383ec;bufferline.lua:54;get_components;ui.lua:461;for_element;hl_group 2
_editor.lua:0;;;pcall;manager.lua:53;action;get_inner_win_width 2
_editor.lua:0;;handler;postprocess_symbols;get_symbols;parse_ts;parse_ts;parse_ts;parse_ts;parse_ts;parse_ts;parse_ts;parse_ts 2
highlighter.lua:392;parse;_add_injections;tcall;f;(for generator);match_preds 2
util.lua:143;xpcall;util.lua:144;fn;render 2
deadcolumn.lua:140;scope;tbl_map 2
engine.lua:49;refresh_references;pcall;lsp.lua:71;buf_request_all;buf_request;request;request;encode_and_send;write;write 2
core.lua:309;open;get_entries;match;callback;get_vim_item;callback;get;tbl_keys;validate;;; 2
core.lua:309;open;get_entries;match;callback;get_word;callback;parse;snippet;parser;parser;parser;parser;parser;parser;parser;parser 2
util.lua:143;xpcall;util.lua:144;fn;new;xpcall;promise.lua:51;executor;main_call;nvim_win_call;section.lua:109;fn;finder;cb;sort 2
init.lua:77;try;xpcall;router.lua:160;check_redraw;redraw;redraw;pcall;@0x01026383ec;highlighter.lua:361;on_line_impl;for_each_highlight_state;fn;iter;match_preds;fn;handler;get_node_text 2
util.lua:143;xpcall;util.lua:144;fn;render;nvim_buf_set_lines;treesitter.lua:43;_on_bytes;_edit 2
_editor.lua:0;;pcall;lualine.lua:507;refresh;nvim_win_call;lualine.lua:279;statusline;pcall;lualine.lua:160;draw_section;draw 2
init.lua:77;try;xpcall;router.lua:160;check_redraw;redraw;redraw;pcall;@0x01026383ec;highlighter.lua:361;on_line_impl;for_each_highlight_state;fn;iter;match_preds;fn;handler;get_node_text;get_range 2
core.lua:309;open;get_entries;match;callback;get_word;callback;parse;snippet;parser;parser;parser;parser;parser;parser;parser;parser;parser;parser;parser;parser 2
autocmd.lua:22;emit;callback;on_change;autoindent;callback;complete;complete;tbl_extend 2
util.lua:143;xpcall;util.lua:144;fn;sections;section;node;node;node;item;format 2
util.lua:143;xpcall;util.lua:144;fn;sections;section;node;node;node;item;col 2
core.lua:309;open;get_entries;match;callback;get_vim_item;callback;get;tbl_keys 2
highlighter.lua:361;on_line_impl;for_each_highlight_state;fn;unpack4 2
lualine.lua:352;refresh;nvim_win_call;lualine.lua:279;statusline;pcall;lualine.lua:160;draw_section;draw;update_status;pcall;lsp-progress.lua:274;deepcopy 2
bufferline.lua:54;render;get_group_marker;get_component_size 2
init.lua:77;try;xpcall;router.lua:160;check_redraw;redraw;redraw;pcall;@0x01026383ec;highlighter.lua:361;on_line_impl;for_each_highlight_state;fn;iter_captures;memoize;validate;;; 2
util.lua:143;xpcall;util.lua:144;fn;new;xpcall;promise.lua:51;executor;main_call;nvim_win_call;section.lua:109;fn;finder;cb;build;group 2
core.lua:309;get_sources;is_available;get_clients 2
init.lua:77;is_exiting 2
_editor.lua:0;;;debounce;pcall;queue.lua:99;fire_event_internal;func;pcall;init.lua:1078;func;_for_each_state;action;redraw;pcall;renderer.lua:1129;render;_prepare_content;prepare;prepare;prepare;prepare_node;render_component;pcall;container.lua:313;render_content;render_component;pcall;components.lua:155 2
init.lua:77;try;xpcall;router.lua:160;display;check_options;reset;pcall;nui.lua:232;update_layout;_relayout;nvim_command;pcall;@0x0102646e34;bufferline.lua:98;toggle_bufferline;is_tabline;mode 2
_editor.lua:0;;;debounce;pcall;queue.lua:99;fire_event_internal;func;pcall;init.lua:1078;func;_for_each_state;action;redraw;pcall;renderer.lua:1129;render;render_lines;tbl_map;init.lua:35;tbl_map 2
init.lua:77;try;xpcall;router.lua:160;display;call.lua:134;xpcall;init.lua:153;show;render;render;render;highlight 2
_editor.lua:0;;pcall;lualine.lua:507;refresh;nvim_win_call;lualine.lua:279;statusline;pcall;lualine.lua:160;draw_section;draw;update_status;extract_highlight_colors;get_lualine_hl;split;shared.lua:0 2
init.lua:77;try;xpcall;router.lua:160;display;call.lua:134;xpcall;init.lua:153;show;render;render;render;highlight;highlight;on_render;pcall;cmdline.lua:222;redrawstatus;bufferline.lua:54;tabline;measure;callback 2
init.lua:77;try;xpcall;router.lua:160;check_redraw;redraw;redraw;pcall;@0x01026383ec;highlighter.lua:361;on_line_impl;for_each_highlight_state;fn;iter;match_preds;pack_len 2
init.lua:77;try;xpcall;router.lua:160;check_redraw;redraw;redraw;pcall;@0x01026383ec;highlighter.lua:392;prepare_highlight_states;for_each_tree;fn;lang 2
init.lua:77;try;xpcall;router.lua:160;display;call.lua:134;xpcall;init.lua:153;show;render;render;render;highlight;highlight;on_render;pcall;cmdline.lua:222;redrawstatus;bufferline.lua:54;get_components;new 2
init.lua:77;try;xpcall;router.lua:160;display;call.lua:134;xpcall;init.lua:153;show;render;render;render;highlight;highlight;deepcopy; 2
init.lua:77;safe_handle;xpcall;init.lua:189;handler;deep_equal;deep_equal 2
text.lua:180;attach;_attach_lang;parse;_parse_regions;tcall 2
init.lua:77;try;xpcall;router.lua:160;display;call.lua:134;xpcall;init.lua:153;show;show;update;hide;pcall;@0x010263736c;autocmds.lua:200;check_last_window 2
lualine.lua:352;refresh;nvim_win_call;lualine.lua:279;statusline;pcall;lualine.lua:160;draw_section;draw;update_status;pcall;lualine.lua:27;get_clients 2
init.lua:77;try;xpcall;router.lua:160;display;call.lua:134;xpcall;init.lua:153;show;render;render;render;highlight;highlight;highlight;for_each_tree;fn 2
init.lua:77;try;xpcall;router.lua:160;display;check_options;reset;pcall;nui.lua:232;update_layout;_relayout;nvim_command;pcall;@0x0102646e34;bufferline.lua:54;get_components;new 2
bufferline.lua:54;get_components;ui.lua:461;for_element;hl_group;__index 2
init.lua:77;try;xpcall;router.lua:160;display;check_options;deep_equal;deep_equal 2
init.lua:77;try;xpcall;router.lua:160;display;check_options;reset;pcall;nui.lua:232;update_layout;_relayout;nvim_command;pcall;@0x0102646e34;manager.lua:553 2
treesitter.lua:11;highlighter.lua:392;prepare_highlight_states;for_each_tree 2
core.lua:309;open;get_entries;match;callback;match 2
_editor.lua:0;;;pcall;call.lua:134;xpcall;call.lua:138 2
bufferline.lua:54;get_components;ui.lua:461;add_separators;is_slant 2
_editor.lua:0;;pcall;lualine.lua:507;refresh;nvim_win_call;lualine.lua:279;statusline;pcall;lualine.lua:160;draw_section;draw;update_status;pcall;lsp-progress.lua:274;deepcopy; 2
highlighter.lua:361;on_line_impl;for_each_highlight_state;fn;get_range 2
init.lua:77;try;xpcall;router.lua:160;check_redraw;redraw;redraw;pcall;@0x01026383ec;bufferline.lua:54;get_components;get_valid_buffers;validate 2
sidebar.lua:236;_highlight_current_item;has_provider;find_provider;supports_buffer;get_appropriate_client;get_clients 2
init.lua:77;try;xpcall;router.lua:160;check_redraw;redraw;redraw;pcall;@0x01026383ec;bufferline.lua:54;get_components;new 2
core.lua:87;run;xpcall;alpha.lua:94;check_change_iskeyword;ft_get_option;pcall;options.lua:77;nvim_get_option_value;event.lua:72;trigger;try;xpcall;event.lua:156;nvim_exec_autocmds;event.lua:72 2
init.lua:77;try;xpcall;router.lua:160;display;call.lua:134;xpcall;init.lua:153;show;render;render;render;highlight;highlight;deepcopy;; 2
_editor.lua:0;;;debounce;pcall;queue.lua:99;fire_event_internal;pcall;init.lua:44;get_diagnostic_counts;get;get_diagnostics;add_all_diags 2
_editor.lua:0;;;debounce;pcall;queue.lua:99;fire_event_internal;pcall;init.lua:44;get_diagnostic_counts;get 2
_editor.lua:0;;;debounce;pcall;queue.lua:99;fire_event_internal;pcall;init.lua:44;get_diagnostic_counts 2
_editor.lua:0;;;debounce;pcall;queue.lua:99;fire_event_internal;func;pcall;init.lua:1078;func;_for_each_state;action;redraw;pcall;renderer.lua:1129;render;_prepare_content;prepare;prepare;prepare;prepare_node;render_component;pcall;container.lua:313;render_content;render_component;pcall;components.lua:116;get_defined_sign;config;; 2
_editor.lua:0;;;debounce;pcall;queue.lua:99;fire_event_internal;func;pcall;init.lua:1078;func;_for_each_state;action;redraw;pcall;renderer.lua:1129;render;_prepare_content;prepare;prepare;prepare;prepare_node;render_component;pcall;container.lua:313;render_content;group_by 2
_editor.lua:0;;handler;postprocess_symbols;get_symbols;parse_ts;parse_ts 2
core.lua:87;run;xpcall;alpha.lua:94;check_change_iskeyword;ft_get_option;pcall;options.lua:77;update_ft_option_cache;get_ftplugin_runtime 2
_editor.lua:0;;;debounce;pcall;queue.lua:99;fire_event_internal;func;pcall;init.lua:1078;func;_for_each_state;action;redraw;pcall;renderer.lua:1129;render;_prepare_content;prepare;prepare;prepare_node;render_component;pcall;components.lua:385;is_enabled 2
[string]:0;run;init.lua:326;prepare;listen;get_map;equals;normalize 2
init.lua:77;try;xpcall;router.lua:160;display;call.lua:134;xpcall;init.lua:153;show;update_layout;update_layout;_relayout;nvim_command;pcall;@0x0102646e34;highlighter.lua:361 2
init.lua:77;try;xpcall;router.lua:160;display;call.lua:134;xpcall;init.lua:153;show;show;_open_win;tag 2
_editor.lua:0;;;pcall;manager.lua:53;action;tree_is_visible;window_exists 2
lsp.lua:548;get_clients;validate;; 2
rpc.lua:66 2
_editor.lua:0;;handler;postprocess_symbols;get_symbols;parse_ts;parse_ts;parse_ts;parse_ts;parse_ts;parse_ts 2
_editor.lua:0;;;get_symbols;normalize; 2
main.lua:33 2
highlighter.lua:361;on_line_impl;for_each_highlight_state;fn;iter;match_preds;pack_len 2
config.lua:102 2
lualine.lua:352;refresh;nvim_win_call;lualine.lua:279;statusline;pcall;lualine.lua:160;draw_section;draw;update_status;get_diagnostics;sources.lua:35;get;; 2
_editor.lua:0;;is_invalid 2
highlighter.lua:361;on_line_impl;for_each_highlight_state;fn;iter_captures 2
_editor.lua:0;;;redraw;cat;cat 2
_editor.lua:0;;;get_symbols;eval 2
init.lua:77;try;xpcall;router.lua:160;display;call.lua:134;xpcall;init.lua:153;show;mount;mount;set_buf_options;set_buf_option 2
util.lua:143;xpcall;util.lua:144;fn;sections;section;node;node;node;node;item;append 2
init.lua:77;try;xpcall;router.lua:160;check_redraw;redraw;redraw;pcall;@0x01026383ec;highlighter.lua:361;on_line_impl;for_each_highlight_state;fn;iter_captures 2
engine.lua:49;refresh_references;pcall;lsp.lua:71;buf_request_all;buf_request;request;request;encode_and_send;inspect;putValue;putValue; 2
_editor.lua:0;;;defer_fn;validate; 2
treesitter.lua:11;highlighter.lua:361;on_line_impl;for_each_highlight_state;fn 2
init.lua:77;try;xpcall;router.lua:160;check_redraw;redraw;redraw;pcall;@0x01026383ec;highlighter.lua:361;on_line_impl;for_each_highlight_state;fn;iter_captures;memoize;validate;; 2
_editor.lua:0;;;pcall;call.lua:134;xpcall;router.lua:160;check_redraw;is_blocking;tbl_deep_extend;validate; 2
init.lua:77;try;xpcall;router.lua:160;display;call.lua:134;xpcall;init.lua:153;show;mount;mount;mount;_open_window;nvim_command 2
init.lua:77;try;xpcall;router.lua:160;display;call.lua:134;xpcall;init.lua:153;show;mount;mount;mount;_open_window;nvim_command;pcall;@0x0102646e34;bufferline.lua:54;get_components;get_valid_buffers;init.lua:146 2
main.lua:33;emit;listener;onChanged 2
_editor.lua:0;;;running 2
_editor.lua:0;;pcall;lualine.lua:507;refresh;nvim_win_call;lualine.lua:279;statusline;pcall;lualine.lua:85;fill_section_separator;find_next_hl 2
_editor.lua:0;;pcall;lualine.lua:507;refresh;nvim_win_call;lualine.lua:279;statusline;pcall;lualine.lua:160;draw_section;draw;update_status;pcall;lualine.lua:27 2
bar.lua:780;tbl_isempty;validate; 2
_editor.lua:0;;pcall;lualine.lua:507;refresh;nvim_win_call;lualine.lua:279;statusline;pcall;lualine.lua:160;draw_section;draw;update_status;pcall;lualine.lua:27;list_formatters_for_buffer;islist 2
core.lua:87;run;xpcall;alpha.lua:94;check_change_iskeyword;ft_get_option;pcall;options.lua:77;nvim_get_option_value;event.lua:72;load;_load;config;try;xpcall;loader.lua:364;config;require;loader.lua:0;find;get_rtp 2
_editor.lua:0;;pcall;lualine.lua:507;refresh;tbl_extend 2
init.lua:77;try;xpcall;router.lua:160;display;call.lua:134;xpcall;init.lua:153;show;mount;mount;mount;_open_window;nvim_command;pcall;@0x0102646e34;highlighter.lua:361;on_line_impl;for_each_highlight_state;fn;iter;match_preds;fn 2
bufferline.lua:54;tabline;join;to_tabline_str;tbl_flatten;tbl_flatten;shared.lua:0; 2
_editor.lua:0;;pcall;lualine.lua:507;refresh;nvim_win_call;lualine.lua:279;statusline;pcall;lualine.lua:160;draw_section;extract_highlight_colors;get_lualine_hl;split;gsplit;validate; 2
core.lua:309;open;get_entries;match;callback;get_vim_item;callback 2
init.lua:77;safe_handle;xpcall;init.lua:189;handler;update;format;append;_append;NuiText;init;set 1
init.lua:77;try;xpcall;router.lua:160;display;check_options;reset;pcall;nui.lua:232;update_layout;_relayout;nvim_command;pcall;@0x0102646e34;highlighter.lua:361;on_line_impl;for_each_highlight_state;fn 1
init.lua:77;try;xpcall;router.lua:160;display;call.lua:134;xpcall;init.lua:153;show;render;render;render;highlight;highlight;on_render;pcall;cmdline.lua:222;redrawstatus;bufferline.lua:54;tabline;__index 1
[string]:0;run;init.lua:326;prepare;listen;get_map;equals;normalize;ensure;get 1
init.lua:77;try;xpcall;router.lua:160;display;call.lua:134;xpcall;init.lua:153;show;render;render;render;highlight;highlight;on_render;pcall;cmdline.lua:222;redrawstatus;bufferline.lua:54;get_components;validate;; 1
init.lua:77;try;xpcall;router.lua:160;check_redraw;redraw;redraw;pcall;@0x01026383ec;bufferline.lua:54;tabline;__index 1
[string]:0;run;init.lua:326;prepare;listen;get_map;equals 1
init.lua:77;try;xpcall;router.lua:160;display;call.lua:134;xpcall;init.lua:153;show;render;render;render;highlight;highlight;on_render;pcall;cmdline.lua:222;redrawstatus;bufferline.lua:54;get_components;ui.lua:461;add_icon;visibility 1
engine.lua:49;refresh_references;pcall;lsp.lua:71;make_position_params;make_text_document_params;uri_from_bufnr 1
init.lua:77;try;xpcall;router.lua:160;display;check_options;reset;pcall;nui.lua:232;update_layout;_relayout;nvim_command;pcall;@0x0102646e34;semantic_tokens.lua:800 1
init.lua:77;try;xpcall;router.lua:160;display;call.lua:134;xpcall;init.lua:153;show;render;render;render;highlight;highlight;on_render;pcall;cmdline.lua:222;redrawstatus;[string]:0 1
core.lua:309;open;open;option;win_set_option;__newindex;; 1
init.lua:77;try;xpcall;router.lua:160;is 1
init.lua:77;try;xpcall;router.lua:160;display;check_options;tbl_deep_extend;;isarray 1
engine.lua:49;refresh_references;pcall;lsp.lua:71;buf_request_all;buf_request;supports_method;supports_registration;split;gsplit;validate; 1
init.lua:77;safe_handle;xpcall;init.lua:189;handler;update;last;tbl_keys 1
init.lua:77;try;xpcall;router.lua:160;display;call.lua:134;xpcall;init.lua:153;show;render;render;render;highlight;highlight;on_render;pcall;cmdline.lua:222;redrawstatus;bufferline.lua:98;toggle_bufferline;get_buf_count 1
deadcolumn.lua:140;cc_resolve;split;shared.lua:0 1
init.lua:77;try;xpcall;router.lua:160;display;check_options;reset;pcall;nui.lua:232;update_layout;_relayout;render_lines;highlight;highlight 1
decorator.lua:20 1
init.lua:77;try;xpcall;router.lua:160;push;format;formatters.lua:11;append;append 1
init.lua:77;try;xpcall;router.lua:160;check_redraw;redraw;redraw;pcall;@0x01026383ec;bufferline.lua:54;get_components;mark 1
bar.lua:780;tbl_isempty;validate;; 1
init.lua:77;try;xpcall;router.lua:160;display;call.lua:134;xpcall;init.lua:153;show;render;render;render;highlight;highlight;on_render;pcall;cmdline.lua:222;redrawstatus;bufferline.lua:54;get_components;ui.lua:461;add_indicator 1
init.lua:77;try;xpcall;router.lua:160;display;check_options;reset;pcall;nui.lua:232;update_layout;_relayout;nvim_command;pcall;@0x0102646e34;bufferline.lua:54;get_components;get_valid_buffers;validate;; 1
core.lua:87;run;xpcall;escape.lua:35;filter;get_type_opt 1
bufferline.lua:54;set;tbl_contains;shared.lua:0 1
_editor.lua:0;;_step;resume;[string]:0;npcall 1
engine.lua:49;refresh_references;buf_should_illuminate;modes_allowlist;filetype_override 1
_editor.lua:0;;pcall;lualine.lua:507;refresh;nvim_win_call;lualine.lua:279;statusline;pcall;lualine.lua:160;draw_section;extract_highlight_colors;get_lualine_hl;split;gsplit;validate;; 1
init.lua:77;try;xpcall;router.lua:160;display;call.lua:134;xpcall;init.lua:153;show;show;update;hide;pcall;@0x010263736c;editor.lua:34;list_wins;is_floating 1
_editor.lua:0;;pcall;lualine.lua:507;refresh;nvim_win_call;lualine.lua:279;statusline;pcall;lualine.lua:160;draw_section;draw;update_status;pcall;lsp-progress.lua:274;tbl_deep_extend;;isarray 1
init.lua:77;try;xpcall;router.lua:160;display;call.lua:134;xpcall;init.lua:153;show;show;update;hide;pcall;@0x010263736c;lsp.lua:376;detach;__index 1
init.lua:77;try;xpcall;router.lua:160;display;call.lua:134;xpcall;init.lua:153;show;render;render;render;highlight;highlight;on_render;pcall;cmdline.lua:222;redrawstatus;bufferline.lua:54;get_components;ui.lua:461 1
async.lua:163;callback;on_change;autoindent;get_context;clone 1
_editor.lua:0;;pcall;lualine.lua:507;refresh;nvim_win_call;lualine.lua:279;statusline;pcall;lualine.lua:160;draw_section;draw;update_status;get_diagnostics;sources.lua:35;get;validate;;;is_callable 1
init.lua:77;try;xpcall;router.lua:160;check_redraw;redraw;redraw;pcall;@0x01026383ec;bufferline.lua:54;get_components;validate 1
_editor.lua:0;;pcall;lualine.lua:507;refresh;nvim_win_call;lualine.lua:279;statusline;pcall;lualine.lua:160;draw_section;draw;update_status;extract_highlight_colors 1
lsp.lua:548;send_changes;send_changes_for_group;send_changes;notify;notify;inspect;putValue;putValue;putValue;putValue; 1
_editor.lua:0;;pcall;lualine.lua:507;refresh;nvim_win_call;lualine.lua:279;statusline;pcall;lualine.lua:160;draw_section;draw;update_status;format_hl;append_mode;get_mode_suffix;get_mode 1
_editor.lua:0;;pcall;lualine.lua:507;refresh;nvim_win_call;lualine.lua:279;statusline;pcall;lualine.lua:160;draw_section;extract_highlight_colors;get_lualine_hl;split;gsplit 1
text.lua:180;attach;_attach_lang;parse;_parse_regions;list_extend;validate;;; 1
highlighter.lua:361;on_line_impl;for_each_highlight_state;fn;iter;match_preds;hash 1
_editor.lua:0;;pcall;lualine.lua:507;refresh;nvim_win_call;lualine.lua:279;statusline;pcall;lualine.lua:160;draw_section;draw;update_status;pcall;lualine.lua:27;get_clients;validate;;; 1
init.lua:77;try;xpcall;router.lua:160;check_redraw;redraw;redraw;pcall;@0x01026383ec;bufferline.lua:54;get_components;ui.lua:461;get_name 1
core.lua:87;run;xpcall;alpha.lua:94;check_change_iskeyword;ft_get_option;pcall;options.lua:77;nvim_get_option_value;event.lua:72;load;_load;config;try;xpcall;loader.lua:364;config;require;colorizer.lua:0;require;loader.lua:0 1
init.lua:77;try;xpcall;router.lua:160;display;align;width;width 1
init.lua:77;try;xpcall;router.lua:160;check_redraw;redraw;redraw;pcall;@0x01026383ec;bufferline.lua:54;get_components;__index 1
engine.lua:49;refresh_references;pcall;lsp.lua:71;make_position_params;make_text_document_params;uri_from_bufnr;uri_encode 1
init.lua:77;try;xpcall;router.lua:160;push;format;deepcopy; 1
_editor.lua:0;;;pcall;call.lua:134;xpcall;router.lua:160;check_redraw;is_blocking;__index 1
core.lua:309;open;get_entries;match;callback;get_vim_item;callback;format;split;shared.lua:0 1
bufferline.lua:54;get_components;ui.lua:461;for_element;hl_group 1
highlighter.lua:361;on_line_impl 1
init.lua:77;try;xpcall;router.lua:160;check_redraw;redraw;redraw;pcall;@0x01026383ec;bufferline.lua:54;get_components;new;get_icon;get_icon;get_icon_data;if_nil 1
lualine.lua:352;refresh;nvim_win_call;lualine.lua:279;statusline;pcall;lualine.lua:160;draw_section;extract_highlight_colors;get_lualine_hl;split;gsplit;validate; 1
_editor.lua:0;;pcall;lualine.lua:507;refresh;nvim_win_call;lualine.lua:279;statusline;pcall;lualine.lua:85;fill_section_separator;get_transitional_highlights 1
_editor.lua:0;;pcall;lualine.lua:507;refresh;set;set_opt 1
init.lua:77;try;xpcall;router.lua:160;check_redraw;redraw;redraw;pcall;@0x01026383ec;semantic_tokens.lua:800;on_win 1
init.lua:77;try;xpcall;router.lua:160;check_redraw;redraw;redraw;pcall;@0x01026383ec;decorator.lua:38 1
init.lua:77;try;xpcall;router.lua:160;display;call.lua:134;xpcall;init.lua:153;show;render;render;render;highlight;highlight;on_render;pcall;cmdline.lua:222;redrawstatus;bufferline.lua:54;get_components;get_valid_buffers;validate;;;;is_callable 1
init.lua:101;is_available;get_clients 1
_editor.lua:0;;pcall;lualine.lua:507;refresh;nvim_win_call;lualine.lua:279;statusline;pcall;lualine.lua:160;draw_section;format_highlight 1
bufferline.lua:54;get_components;get_valid_buffers 1
_editor.lua:0;;;pcall;call.lua:134;xpcall;router.lua:160 1
bufferline.lua:54;get_components;ui.lua:461;component;is_disabled;tbl_contains 1
lsp.lua:548;send_changes;send_changes_for_group;send_changes;notify;notify;inspect;; 1
init.lua:77;try;xpcall;router.lua:160;display;call.lua:134;xpcall;init.lua:153;show;render;render;_fix_extmarks 1
init.lua:77;try;xpcall;router.lua:160;display;call.lua:134;xpcall;init.lua:153;show;render;render;render;highlight;highlight;on_render;pcall;cmdline.lua:222;redrawstatus;bufferline.lua:54;tabline;join;to_tabline_str;extend_highlight;tbl_get 1
init.lua:77;try;xpcall;router.lua:160;display;call.lua:134;xpcall;init.lua:153;show;render;render;render;highlight;highlight;on_render;length;get;tbl_map 1
init.lua:77;try;xpcall;router.lua:160;push;format;append;append 1
core.lua:87;run;xpcall;bs.lua:15;filter_for_opt;init.lua:8 1
highlighter.lua:361;on_line_impl;for_each_highlight_state;fn;iter;apply_directives;hash 1
highlighter.lua:361;on_line_impl;for_each_highlight_state;fn;iter;apply_directives;pack_len 1
core.lua:309;get_sources;is_available;get_clients;validate;; 1
_editor.lua:0;;;debounce;pcall;queue.lua:99;fire_event_internal;func;pcall;init.lua:1078;func;_for_each_state;action;redraw;pcall;renderer.lua:1129;render;_prepare_content;prepare;prepare;prepare;prepare;prepare_node;render_component;pcall;container.lua:313;render_content;render_component;pcall;components.lua:155 1
_editor.lua:0;;;debounce;pcall;queue.lua:99;fire_event_internal;func;pcall;init.lua:1078;func;_for_each_state;action;redraw;pcall;renderer.lua:1129;render;_prepare_content;prepare;prepare;prepare;prepare;prepare_node;render_component;pcall;container.lua:313;render_content;render_component 1
bufferline.lua:54;get_components;ui.lua:461;for_element;hl_group;visibility 1
_editor.lua:0;;;get_symbols;normalize;;shared.lua:0 1
lualine.lua:352;refresh;nvim_win_call;lualine.lua:279;statusline;pcall;lualine.lua:160;draw_section;draw;apply_separator 1
engine.lua:49;refresh_references;large_file_cutoff 1
_editor.lua:0;;;debounce;pcall;queue.lua:99;fire_event_internal;func;pcall;init.lua:1078;func;_for_each_state;action;redraw;pcall;renderer.lua:1129;render;_prepare_content;prepare;prepare;prepare;prepare_node;render_component;pcall;container.lua:313;merge_content;truthy;tbl_values 1
keymap.lua:127;callback;on_keymap;equals;normalize 1
init.lua:77;try;xpcall;router.lua:160;display;call.lua:134;xpcall;init.lua:153;show;render;render;render;highlight;highlight;highlight;new;get;fn;fn 1
engine.lua:49;refresh_references;buf_should_illuminate;modes_allowlist;get 1
engine.lua:49;refresh_references;pcall;lsp.lua:71;buf_request_all;buf_request;request;request;encode_and_send;inspect;putValue;;sort;inspect.lua:0 1
engine.lua:49;refresh_references;pcall;lsp.lua:71;buf_request_all;buf_request;request;flush;send_changes;notify;notify;inspect; 1
_editor.lua:0;;;debounce;pcall;queue.lua:99;fire_event_internal;pcall;init.lua:44;get_diagnostic_counts;get;get_diagnostics 1
suggestion.lua:570;schedule;is_enabled;buf_is_attached;get_clients;resolve_bufnr;validate; 1
_editor.lua:0;;handler;postprocess_symbols;get_symbols;parse_ts;parse_ts;parse_ts 1
[string]:0;fire_event;func;pcall;init.lua:1078;func;_for_each_state;action;redraw;pcall;renderer.lua:1129;render;_prepare_content;prepare;prepare;prepare;prepare_node;render_component;pcall;container.lua:313;render_content;render_component;pcall;components.lua:116;get_defined_sign;config; 1
[string]:0;fire_event;func;pcall;init.lua:1078;func;_for_each_state;action;redraw;pcall;renderer.lua:1129;render;render_lines;tbl_map;init.lua:35;tbl_map 1
util.lua:46;pcall;util.lua:65;pcall;layout.lua:181;layout;needs_layout;tbl_filter;layout.lua:72;tbl_contains;validate;; 1
bufferline.lua:54;get_components;ui.lua:461;component;is_disabled;tbl_contains;validate;; 1
_editor.lua:0;;;highlight;pcall;highlight.lua:34;matchlist;rpc.lua:251 1
init.lua:77;try;xpcall;router.lua:160;push;format;tbl_deep_extend;;tbl_isempty 1
util.lua:143;xpcall;util.lua:144;fn;sections;section;node;item;format;(for generator) 1
_editor.lua:0;;pcall;lualine.lua:507;refresh;nvim_win_call;lualine.lua:279;statusline;pcall;lualine.lua:160;draw_section;extract_highlight_colors;get_lualine_hl;deepcopy 1
init.lua:77;try;xpcall;router.lua:160;display;call.lua:134;xpcall;init.lua:153;show;mount;mount;mount;_open_window;nvim_command;pcall;@0x0102646e34;inlay_hint.lua:320 1
_editor.lua:0;;get_offset;callback 1
_editor.lua:0;;pcall;lualine.lua:507;refresh;nvim_win_call;lualine.lua:279;statusline;pcall;lualine.lua:160;format_highlight 1
init.lua:77;try;xpcall;router.lua:160;display;call.lua:134;xpcall;init.lua:153;show;mount;mount;mount;_open_window;nvim_command;pcall;@0x0102646e34;bar.lua:780;tbl_isempty 1
init.lua:77;try;xpcall;router.lua:160;display;call.lua:134;xpcall;init.lua:153;show;mount;mount;mount;_open_window;nvim_command;pcall;@0x0102646e34;highlighter.lua:361;on_line_impl;for_each_highlight_state;fn;iter;apply_directives;pack_len 1
_editor.lua:0;;handler;postprocess_symbols;get_symbols;parse_ts;parse_ts;parse_ts;parse_ts 1
[string]:0;fire_event;func;pcall;init.lua:1078;func;_for_each_state;action;redraw;pcall;renderer.lua:1129;render;_prepare_content;prepare;prepare;prepare_node;render_component 1
rpc.lua:415;try_call;pcall;semantic_tokens.lua:779;send_request;request;request;encode_and_send;inspect 1
dropbar.lua:90;exec;defer_fn;validate;; 1
core.lua:309;open;get_entries;match;callback;match;get_next_semantic_index;is_semantic_index;is_symbol;is_alnum 1
_editor.lua:0;;pcall;lualine.lua:507;refresh 1
_editor.lua:0;;pcall;lualine.lua:507;refresh;tbl_contains 1
engine.lua:49;refresh_references;get_provider;is_ready;get_clients;validate; 1
_editor.lua:0;;;debounce;pcall;queue.lua:99;fire_event_internal;func;pcall;init.lua:1078;func;_for_each_state;action;redraw;pcall;renderer.lua:1129;render;_prepare_content;prepare;prepare;prepare;prepare;prepare_node;render_component;pcall;components.lua:293;get_icon;get_icon_data;if_nil 1
core.lua:309;open;get_entries;match;callback;match;match;is_alpha 1
_editor.lua:0;;callback;open;stylize_markdown;render;render;highlight;highlight;highlight;new;get;fn;get_files 1
_editor.lua:0;;;pcall;manager.lua:53;action 1
highlighter.lua:392;parse;_add_injections;set_included_regions;_iter_regions;fn 1
init.lua:77;try;xpcall;router.lua:160;display;call.lua:134;xpcall;init.lua:153;show;update_layout;update_layout;_relayout;nvim_command;pcall;@0x0102646e34;bufferline.lua:54;get_components;ui.lua:461;get_component_size;is_list 1
core.lua:309;open;get_entries;match;callback;get_word;callback;parse;snippet;parser;parser;parser;parser;contains 1
init.lua:77;try;xpcall;router.lua:160;display;call.lua:134;xpcall;init.lua:153;show;update_layout;update_layout;_relayout;nvim_command;pcall;@0x0102646e34;bufferline.lua:54;get_components;get_valid_buffers;init.lua:146 1
rpc.lua:251;handle_body;handle_body;validate; 1
rpc.lua:415;send_response;inspect;putValue;putValue 1
bufferline.lua:54;get_components;ui.lua:461;for_element;hl_group;visibility;current 1
bufferline.lua:54;render;sorter 1
_editor.lua:0;;handler;on_symbols;refresh_handler;_merge_items;merge_items_rec;merge_items_rec;merge_items_rec;tbl_contains;shared.lua:0 1
[string]:0;run;core.lua:434;apply_text_edits;old_func 1
sidebar.lua:236;_highlight_current_item;_update_lines;build_outline;add_hl_and_ns;items 1
core.lua:309;open;open;_select;option;win_set_option 1
treesitter.lua:11;highlighter.lua:361;on_line_impl;for_each_highlight_state;fn;iter;apply_directives;fn 1
autocmd.lua:22;emit;callback;on_change;autoindent;callback;on_change;_get_entries_view;get 1
_editor.lua:0;pcall;dropbar.lua:134 1
highlighter.lua:361;on_line_impl;for_each_highlight_state;fn;iter_captures;value_or_node_range 1
[string]:0;run;core.lua:502;execute;execute;execute;_request;request;flush;send_changes;notify;notify;inspect;putValue;putValue;putValue;putValue;putValue;putValue; 1
core.lua:309;open;get_entries;match;callback;get_word;callback;parse;snippet;parser;parser;parser;parser;parser;parser;parser;parser;parser;parser;parser;parser;parser 1
[string]:0;run;core.lua:434;expand;lsp_expand;snip_expand;cmd;nvim_exec2;util.lua:167 1
autocmd.lua:22;emit;callback;on_change;autoindent;callback;complete;get_sources;is_available;get_clients;validate;; 1
[string]:0;run;core.lua:502;execute;execute;execute;_request;request;flush;send_changes;notify;notify;write;write 1
init.lua:77;try;xpcall;router.lua:160;display;call.lua:134;xpcall;init.lua:153;show;update_layout;update_layout;_relayout;calculate_position;deepcopy 1
_editor.lua:0;;pcall;lualine.lua:507;refresh;nvim_win_call;lualine.lua:279;statusline;pcall;lualine.lua:160;draw_section;draw;update_status;format_hl;append_mode;is_focused 1
_editor.lua:0;;handler;handle_diagnostics;set;nvim_exec_autocmds;diagnostics.lua:70;tbl_map;item.lua:23;split;shared.lua:0 1
lualine.lua:352;refresh;nvim_win_call;lualine.lua:279;statusline;pcall;lualine.lua:85;fill_section_separator 1
_editor.lua:0;;;debounce;pcall;queue.lua:99;fire_event_internal;func;pcall;init.lua:1078;func;_for_each_state;action;redraw;pcall;renderer.lua:1129;render;_prepare_content;prepare;prepare;prepare_node;render_component;pcall;container.lua:313;merge_content;get_keys 1
lualine.lua:352;refresh;nvim_win_call;lualine.lua:279;statusline;pcall;lualine.lua:160;draw_section;draw;update_status;format_hl;append_mode;get_mode_suffix;get_mode 1
lualine.lua:352;refresh;nvim_win_call;lualine.lua:279;statusline;pcall;lualine.lua:160;draw_section;draw;apply_on_click 1
core.lua:309;open;get_entries;match;callback;get_word;callback;parse;snippet;parser;parser;parser;parser;parser;parser 1
_editor.lua:0;;;debounce;pcall;queue.lua:99;fire_event_internal;pcall;init.lua:44;get_diagnostic_counts;get;validate;; 1
_editor.lua:0;;;debounce;pcall;queue.lua:99;fire_event_internal;pcall;init.lua:44;get_diagnostic_counts;reduce;func;path_join;split 1
_editor.lua:0;;callback;get_active_entry;_get_entries_view;get;tbl_keys;validate; 1
_editor.lua:0;;;get_symbols;get_symbols;convert_document_symbol_list;convert_document_symbol_list;convert_document_symbol;tbl_deep_extend 1
util.lua:143;xpcall;util.lua:144;fn;sections;section;node;node;node 1
_editor.lua:0;;handler;postprocess_symbols;get_symbols;parse_ts;parse_ts;parse_ts;parse_ts;parse_ts 1
corn.lua:30;render;get_diagnostic_items;get; 1
bufferline.lua:54;get_components;get_valid_buffers;validate;;;is_callable 1
_editor.lua:0;;;debounce;pcall;queue.lua:99;fire_event_internal;func;pcall;init.lua:1078;func;_for_each_state;action;redraw;pcall;renderer.lua:1129;render;_prepare_content;prepare;prepare;prepare;prepare;prepare_node;render_component;pcall;container.lua:313;render_content;render_component;pcall;components.lua:116;get_defined_sign;config 1
lualine.lua:352;refresh;nvim_win_call;lualine.lua:279;statusline;pcall;lualine.lua:160;draw_section;format_highlight;append_mode;get_mode_suffix 1
_editor.lua:0;;handler;postprocess_symbols;get_symbols;parse_ts;parse_ts;parse_ts;parse_ts;parse_ts;parse_ts;parse_ts;parse_ts;parse_ts;parse_ts 1
rpc.lua:251;handle_body;handle_body;validate;; 1
highlighter.lua:392;parse;_parse_regions;list_extend 1
lsp.lua:548;send_changes;send_changes_for_group;send_changes;notify;notify;inspect;putValue;putValue;putValue;putValue;putValue;putValue 1
keymap.lua:127;callback;on_keymap;visible;visible;_get_entries_view;get 1
[string]:0;highlight_win;nvim_win_call;highlight.lua:265;redraw;defer_fn;validate;; 1
init.lua:77;try;xpcall;router.lua:160;check_redraw;redraw;redraw;pcall;@0x01026383ec;bufferline.lua:98;toggle_bufferline;__index;__index 1
init.lua:77;try;xpcall;router.lua:160;display;call.lua:134;xpcall;init.lua:153;show;update_layout;update_layout;_relayout;nvim_command 1
lualine.lua:352;refresh;nvim_win_call;lualine.lua:279;statusline;pcall;lualine.lua:160;draw_section;draw;update_status;pcall;lualine.lua:27;if_nil 1
_editor.lua:0;;;debounce;pcall;queue.lua:99;fire_event_internal;func;pcall;init.lua:1078;func;_for_each_state;action;redraw;pcall;renderer.lua:1129;render;_prepare_content;prepare;prepare;prepare_node;append;NuiText;init;set 1
util.lua:143;xpcall;util.lua:144;fn;sections;section;node;item;format 1
lualine.lua:352;refresh;nvim_win_call;lualine.lua:279;statusline;pcall;lualine.lua:160;draw_section;draw;update_status;get_sign_count 1
lsp.lua:548;send_changes;send_changes_for_group;incremental_changes 1
text.lua:180;attach;_attach_lang;parse;_parse_regions;list_extend 1
bufferline.lua:54;get_components;ui.lua:461;add_suffix;get_close_icon;tbl_contains 1
core.lua:309;open;list_slice 1
[string]:0;fire_event;func;pcall;init.lua:1078;func;_for_each_state;action;redraw;pcall;renderer.lua:1129;render;_prepare_content;prepare;prepare;prepare_node;render_component;pcall;container.lua:313;render_content;add_padding 1
bufferline.lua:54;get_components;get_valid_buffers;validate 1
treesitter.lua:11;highlighter.lua:361;on_line_impl;for_each_highlight_state;fn;iter_captures;memoize;validate;; 1
corn.lua:30;render;get_diagnostic_items;get;get_diagnostics;add_all_diags;add 1
engine.lua:49;refresh_references;pcall;lsp.lua:71;buf_request_all;buf_request;request;request;encode_and_send;inspect;;; 1
lualine.lua:352;refresh;nvim_win_call;lualine.lua:279;statusline;pcall;lualine.lua:160;draw_section;draw;update_status;extract_highlight_colors;get_lualine_hl;deepcopy 1
_editor.lua:0;;;pcall;manager.lua:53;action;tree_is_visible;window_exists;get_value;split;gsub;init.lua:923 1
_editor.lua:0;;;redraw;cat 1
[string]:0;npcall 1
engine.lua:49;refresh_references;get_provider;is_ready;supports_method;supports_registration;split 1
[string]:0;fire_event;func;pcall;init.lua:1078;func;_for_each_state;action;redraw;pcall;renderer.lua:1129;render;_prepare_content;prepare;prepare;prepare;prepare_node;render_component;pcall;container.lua:313;render_content;list_extend;validate;;;is_callable 1
lualine.lua:352;refresh;nvim_win_call;lualine.lua:279;statusline;pcall;lualine.lua:160;draw_section;draw;update_status;pcall;lsp-progress.lua:274;tbl_deep_extend;;tbl_isempty 1
[string]:0;fire_event;func;pcall;init.lua:1078;func;_for_each_state;action;redraw;pcall;renderer.lua:1129;render;_prepare_content;prepare;prepare;prepare;prepare;prepare_node;render_component;pcall;container.lua:313;render_content;render_component;pcall;components.lua:116;get_defined_sign 1
[string]:0;fire_event;func;pcall;init.lua:1078;func;_for_each_state;action;redraw;pcall;renderer.lua:1129;render;_prepare_content;prepare;prepare;prepare;prepare_node;render_component;pcall;container.lua:313;render_content;render_component 1
treesitter.lua:11;highlighter.lua:361;on_line_impl;for_each_highlight_state;fn;iter;match_preds;fn 1
_editor.lua:0;;;defer_fn;validate;; 1
highlighter.lua:392 1
window.lua:199;winbar 1
bufferline.lua:54;get_components;get_valid_buffers;validate; 1
util.lua:143;xpcall;util.lua:144;fn;sections;section;node;node;item;format;field;trim;validate;; 1
[string]:0;run;core.lua:434;expand;lsp_expand;snip_expand;trigger_expand;subsnip_init;subsnip_init_children 1
lualine.lua:318;tbl_filter 1
lualine.lua:352;refresh;nvim_win_call;lualine.lua:279;tbl_contains;validate;;;is_callable 1
_editor.lua:0;;;debounce;pcall;queue.lua:99;fire_event_internal;pcall;init.lua:44;get_diagnostic_counts;remove 1
rpc.lua:415;try_call;pcall;semantic_tokens.lua:779;mark_dirty;cancel_request;inspect;putValue;putValue; 1
lualine.lua:352;refresh;nvim_win_call;lualine.lua:279;statusline;pcall;lualine.lua:160;draw_section;draw;update_status;get_diagnostics;sources.lua:35;get;;;;;; 1
core.lua:309;get_sources 1
luasnip.lua:86;expand_or_jump;jump;no_region_check_wrap;pcall;snippet.lua:1125;input_leave;event 1
autocmd.lua:22;emit;callback;on_change;autoindent;callback;complete;complete;complete;_request;request;request;encode_and_send;inspect;putValue;putValue;putValue; 1
core.lua:309;open;get_entries;match;callback;get_word;callback;parse;snippet;parser;parser;parser;parser;parser;parser;parser 1
core.lua:309;open;get_entries;match;callback;get_word;callback;parse;snippet;parser;parser 1
diagnostic.lua:673;execute_scheduled_display;show;hide;hide;get_namespace;validate; 1
init.lua:77;try;xpcall;router.lua:160;display;call.lua:134;xpcall;init.lua:153;show;show;update;hide;pcall;@0x010263736c;[string]:0 1
_editor.lua:0;;;debounce;pcall;queue.lua:99;fire_event_internal;func;pcall;init.lua:1078;func;_for_each_state;action;redraw;pcall;renderer.lua:1129;render;_prepare_content;prepare;prepare_node;append;NuiText;init;set 1
init.lua:77;try;xpcall;router.lua:160;check_redraw;redraw;redraw;pcall;@0x01026383ec;semantic_tokens.lua:800;on_win;lower_bound 1
_editor.lua:0;;handler;handle_diagnostics;set;show;get_resolved_options;tbl_extend 1
util.lua:143;xpcall;util.lua:144;fn;render;__index 1
util.lua:143;xpcall;util.lua:144;fn;new;xpcall;promise.lua:51;executor;main_call;nvim_win_call;section.lua:109;fn;finder;cb;sort;sort;sort.lua:68 1
util.lua:143;xpcall;util.lua:144;fn;sections;section;node;node;item;format;field 1
autocmd.lua:22;emit;callback;on_change;autoindent;callback;complete;complete;complete;_request;request;request;encode_and_send;inspect;putValue;putValue; 1
semantic_tokens.lua:340;tokens_to_ranges;_get_byte_pos 1
util.lua:143;xpcall;util.lua:144;fn;new;xpcall;promise.lua:51;executor;main_call;nvim_win_call;section.lua:109;fn;finder;cb;build;inspect;putValue;putValue; 1
core.lua:309;open;get_entries;match;callback;get_word;callback;parse;snippet;parser;parser;parser;parser;parser;parser;parser;parser;parser;parser;parser;contains 1
util.lua:143;xpcall;util.lua:144;fn;sections;section;node;node;node;item;format;field;formatter 1
state.lua:23;is_enabled;deep_equal 1
bufferline.lua:54;tabline;join;to_tabline_str;tbl_flatten;tbl_flatten;deprecate 1
bufferline.lua:98;toggle_bufferline;__index 1
highlighter.lua:392;parse;is_valid 1
util.lua:143;xpcall;util.lua:144;fn;new;xpcall;promise.lua:51;executor;main_call;nvim_win_call;section.lua:109;fn;finder;cb;build;group;new;normalize;;gsplit;validate;; 1
lsp.lua:303;update_symbols;request;request;encode_and_send;write;write 1
core.lua:309;open;open;open;update;get_content_height;option 1
core.lua:309;open;get_entries;match;callback;get_vim_item;callback;format;get_lsp_item_import_location;tbl_get 1
async.lua:163;callback;on_change;ready;_get_entries_view;get;is_cmdline_mode;get_mode 1
init.lua:77;try;xpcall;router.lua:160;check_redraw;redraw;redraw;pcall;@0x01026383ec;highlighter.lua:361;on_line_impl;for_each_highlight_state;fn;get_range 1
decorator.lua:38;__index 1
core.lua:309;open;get_entries;match;callback;get_word;callback;parse;snippet;parser;parser;parser;parser;parser 1
init.lua:77;try;xpcall;router.lua:160;check_redraw;redraw;redraw;pcall;@0x01026383ec;bufferline.lua:54;get_components;ui.lua:461;__index 1
lsp.lua:548;get_clients;resolve_bufnr;validate; 1
init.lua:77;try;xpcall;router.lua:160;display;call.lua:134;xpcall;init.lua:153;show;show;update;hide;pcall;@0x010263736c;suggestion.lua:582 1
util.lua:46;pcall;util.lua:65;pcall;layout.lua:181;layout;needs_layout;tbl_map 1
core.lua:309;open;get_entries;match;callback;get_word;set 1
rpc.lua:415;try_call;pcall;inlay_hint.lua:104;_refresh;request;request;encode_and_send;inspect;putValue; 1
async.lua:163;callback;prepare;listen;get_map;equals;normalize;t 1
_editor.lua:0;;handler;handle_diagnostics;set;nvim_exec_autocmds;corn.lua:30;render;get_diagnostic_items;get; 1
core.lua:309;open;open;_select;draw;get 1
async.lua:163;callback;prepare;listen;to_keymap;keymap.lua:44;tbl_contains 1
async.lua:163;callback;prepare;listen;get_map;equals;normalize;ensure;get 1
async.lua:163;callback;prepare;listen;get_map 1
_editor.lua:0;;pcall;lualine.lua:507;refresh;nvim_win_call;lualine.lua:279;statusline;pcall;lualine.lua:160;draw_section;draw;update_status;pcall;mode.lua:46 1
highlighter.lua:392;parse;_add_injections;tcall;f;_get_injection;resolve_lang;has_parser;fn 1
async.lua:69 1
init.lua:77;try;xpcall;router.lua:160;display;call.lua:134;xpcall;init.lua:153;show;show;update;hide;pcall;@0x010263736c;editor.lua:34;list_wins 1
_editor.lua:0;;callback;new 1
init.lua:77;try;xpcall;router.lua:160;check_redraw;redraw;redraw;pcall;@0x01026383ec;bufferline.lua:98;toggle_bufferline;__index 1
core.lua:309;open;open;open;update;is_cmdline_mode 1
init.lua:77;try;xpcall;router.lua:160;display;call.lua:134;xpcall;init.lua:153;show;show;_open_win;tag;ignore_events;fn 1
core.lua:309;open;get_entries;yield 1
util.lua:143;xpcall;util.lua:144;fn;new;xpcall;promise.lua:51;executor;main_call;nvim_win_call;section.lua:109;fn;finder;cb;build;group;new;split;shared.lua:0 1
init.lua:77;try;xpcall;router.lua:160;check_redraw;redraw;redraw;pcall;@0x01026383ec;highlighter.lua:361;on_line_impl;for_each_highlight_state;fn;iter;match_preds;fn;handler 1
init.lua:77;try;xpcall;router.lua:160;display;check_options;reset;pcall;nui.lua:232;update_layout;_relayout;nvim_command;pcall;@0x0102646e34;bufferline.lua:54;set;filter_invisible 1
rpc.lua:415;try_call;pcall;inlay_hint.lua:104;_refresh;request;request;encode_and_send;inspect;putValue;putValue;putValue;putValue; 1
init.lua:77;try;xpcall;router.lua:160;display;call.lua:134;xpcall;init.lua:153;show 1
init.lua:77;try;xpcall;router.lua:160;display;check_options;reset;pcall;nui.lua:232;update_layout;_relayout;nvim_command;pcall;@0x0102646e34;[string]:0 1
init.lua:77;try;xpcall;router.lua:160;display;call.lua:134;xpcall;init.lua:153;show;render;render;render;highlight;highlight;on_render;pcall;cmdline.lua:222;redrawstatus;bufferline.lua:54;get_components;ui.lua:461;filter_invalid 1
init.lua:77;try;xpcall;router.lua:160;display;check_options;reset;pcall;nui.lua:232;update_layout;_relayout;nvim_command;pcall;@0x0102646e34;highlighter.lua:392;parse;is_valid;is_valid 1
init.lua:77;try;xpcall;router.lua:160;display;call.lua:134;xpcall;init.lua:153;show;render;render;render;highlight;highlight;on_render;pcall;cmdline.lua:222;redrawstatus;bufferline.lua:54;get_components;__index 1
_editor.lua:0;;handler;handle_diagnostics;set;nvim_exec_autocmds;diagnostics.lua:70;get;validate;; 1
_editor.lua:0;;get_offset;set;key 1
init.lua:77;try;xpcall;router.lua:160;display;check_options;reset;pcall;nui.lua:232;update_layout;_relayout;nvim_command;pcall;@0x0102646e34;bufferline.lua:54;render;get_group_marker;__index 1
util.lua:143;xpcall;util.lua:144;fn;new;xpcall;promise.lua:51;executor;main_call;nvim_win_call;section.lua:109;fn;finder;cb;build;group;new;normalize; 1
rpc.lua:415;send_response;write;write 1
init.lua:77;try;xpcall;router.lua:160;__index 1
_editor.lua:0;;;debounce;pcall;queue.lua:99;fire_event_internal;pcall;init.lua:44;get_diagnostic_counts;reduce;func;path_join 1
semantic_tokens.lua:340;tokens_to_ranges;modifiers_from_number 1
_editor.lua:0;;;debounce;pcall;queue.lua:99;fire_event_internal;pcall;init.lua:44;get_diagnostic_counts;get;;;;;;;; 1
init.lua:77;try;xpcall;router.lua:160;display;check_options;reset;pcall;nui.lua:232;update_layout;_relayout;nvim_command;pcall;@0x0102646e34;highlighter.lua:392;parse;is_valid 1
init.lua:77;try;xpcall;router.lua:160;display;check_options;tbl_deep_extend;; 1
util.lua:143;xpcall;util.lua:144;fn;new;xpcall;promise.lua:51;executor;main_call;nvim_win_call;section.lua:109;fn;finder;cb;build;post;collapse 1
util.lua:143;xpcall;util.lua:144 1
_editor.lua:0;;;debounce;pcall;queue.lua:99;fire_event_internal;func;pcall;init.lua:1078;func;_for_each_state;action;redraw;pcall;renderer.lua:1129;render;_prepare_content;prepare;prepare;prepare;prepare;prepare_node;render_component;pcall;container.lua:313;render_content;render_component;pcall;components.lua:116;get_defined_sign;config;;; 1
init.lua:77;try;xpcall;router.lua:160;display;check_options;reset;pcall;nui.lua:232;update_layout;_relayout;render_lines;tbl_map;init.lua:35;tbl_map 1
_editor.lua:0;;;debounce;pcall;queue.lua:99;fire_event_internal;func;pcall;init.lua:1078;func;_for_each_state;action;redraw;pcall;renderer.lua:1129;render;_prepare_content;prepare;prepare;prepare;prepare_node;append;NuiText;init;set 1
core.lua:87;run;xpcall;alpha.lua:94;check_change_iskeyword;ft_get_option;pcall;options.lua:77;nvim_get_option_value;event.lua:72;load;_load;config;try;xpcall;loader.lua:364;config;require;colorizer.lua:0;require;buffer.lua:0;require;matcher.lua:0;require;loader.lua:0;find;loader.lua:0;get_hash 1
_editor.lua:0;;pcall;lualine.lua:507;refresh;nvim_win_call;lualine.lua:279;statusline;pcall;lualine.lua:160;draw_section;draw;update_status;format_hl 1
_editor.lua:0;;pcall;lualine.lua:507;refresh;nvim_win_call;lualine.lua:279;statusline;pcall;lualine.lua:160;draw_section;draw;update_status;pcall;lsp-progress.lua:274;inspect 1
_editor.lua:0;;pcall;lualine.lua:507;refresh;nvim_win_call;lualine.lua:279;statusline;pcall;lualine.lua:160;draw_section;draw;update_status;pcall;lsp-progress.lua:274;tbl_deep_extend;;tbl_isempty 1
[string]:0;run;core.lua:502;execute;execute;execute;_request;request;flush;send_changes;notify;notify;inspect;putValue;putValue;putValue;putValue;putValue 1
core.lua:87;run;xpcall;alpha.lua:94;check_change_iskeyword;ft_get_option;pcall;options.lua:77;nvim_get_option_value;event.lua:72;trigger;try;xpcall;event.lua:156;nvim_exec_autocmds;configs.lua:132;reattach_module;attach_module;attach;pcall;keymap.lua:0;validate;; 1
bufferline.lua:54;render;sort_by_groups;tbl_count;validate 1
_editor.lua:0;;;pcall;manager.lua:53;action;tree_is_visible;window_exists;get_value 1
highlighter.lua:392;parse;_add_injections;pcall;language.lua:78;register;validate;; 1
bufferline.lua:54;render;sort_by_groups;as_element;tbl_contains;shared.lua:0 1
config.lua:119;expand_auto;match_snippet;get_snippet_filetypes;redirect_filetypes;list_extend;validate;; 1
lualine.lua:352;refresh;nvim_win_call;lualine.lua:279;statusline;pcall;lualine.lua:160;draw_section;draw;update_status;format_hl;append_mode;is_focused 1
bufferline.lua:54;set;filter_invisible 1
core.lua:87;run;xpcall;alpha.lua:94;check_change_iskeyword;ft_get_option;pcall;options.lua:77;nvim_get_option_value;event.lua:72;trigger;try;xpcall;event.lua:156;nvim_exec_autocmds;configs.lua:132;reattach_module;attach_module;is_enabled;is_supported;has_query_files;runtime_queries 1
sidebar.lua:236;_highlight_current_item;_update_lines;build_outline;add_hl_and_ns;details 1
core.lua:309;open;get_entries;match;callback;get_vim_item;callback;format;if_nil 1
autocmd.lua:22;emit;callback;reset;reset;empty;new 1
_editor.lua:0;;pcall;engine.lua:120;get_provider;is_ready;get_clients;validate; 1
engine.lua:49;refresh_references;buf_should_illuminate 1
highlighter.lua:392;parse;_add_injections;pcall;language.lua:78;validate;; 1
autocmd.lua:22;emit;callback;on_change;autoindent;callback;complete;complete;complete;_request;request;request;encode_and_send;inspect;putValue 1
core.lua:87;run;xpcall;alpha.lua:94;check_change_iskeyword;ft_get_option;pcall;options.lua:77;nvim_get_option_value;event.lua:72;trigger;try;xpcall;event.lua:156;nvim_exec_autocmds;configs.lua:132;reattach_module;attach_module;attach;available_textobjects;get_query;fn;get_files 1
custom_entries_view.lua:57;get;is_cmdline_mode;get_mode 1
decorator.lua:11 1
_editor.lua:0;;pcall;lualine.lua:507;refresh;nvim_win_call;lualine.lua:279;statusline;pcall;lualine.lua:160;draw_section;draw;update_status;pcall;lsp-progress.lua:274;tbl_deep_extend 1
methods.lua:187;render;get_diagnostic_items;get;validate;; 1
bufferline.lua:54;is_tabline;mode 1
bufferline.lua:54;tabline;measure;callback 1
_editor.lua:0;;;redraw;truncate;displaywidth;cat 1
lualine.lua:318;tbl_contains;validate 1
diagnostic.lua:673 1
lsp.lua:548;send_changes;get_clients 1
[string]:0;run;core.lua:434;expand;lsp_expand;parse_snippet;to_luasnip_nodes;to_node;I;tbl_extend 1
keymap.lua:127;callback;on_keymap;confirm;confirm;close;close;close;nvim_win_hide;editor.lua:34;list_wins;is_floating 1
engine.lua:49;refresh_references;pcall;lsp.lua:71;buf_request_all;buf_request;request;request;encode_and_send;inspect;putValue 1
lsp.lua:548;send_changes;send_changes_for_group;send_changes;notify;notify;inspect;putValue;putValue;putValue;putValue;putValue 1
lsp.lua:548;send_changes;send_changes_for_group;send_changes;notify;notify;inspect;putValue;; 1
_editor.lua:0;;pcall;lualine.lua:507;refresh;nvim_win_call;lualine.lua:279;get_extension_sections;tbl_contains;validate; 1
_editor.lua:0;;handler;set_expected_result_count;fn;get_clients;validate;; 1
_editor.lua:0;;pcall;engine.lua:120;buf_set_references 1
_editor.lua:0;;;debounce;pcall;queue.lua:99;fire_event_internal;func;pcall;init.lua:1078;func;_for_each_state;action;redraw;pcall;renderer.lua:1129;render;_prepare_content;prepare;prepare;prepare;prepare_node;render_component;pcall;container.lua:313;render_content;render_component;pcall;components.lua:116;get_defined_sign;config; 1
_editor.lua:0;;;debounce;pcall;queue.lua:99;fire_event_internal;func;pcall;init.lua:1078;func;_for_each_state;action;redraw;pcall;renderer.lua:1129;render;_prepare_content;prepare;prepare;prepare;prepare_node;render_component;pcall;container.lua:313;render_content;render_component;pcall;components.lua:116;get_defined_sign;config;;; 1
_editor.lua:0;;;debounce;pcall;queue.lua:99;fire_event_internal;func;pcall;init.lua:1078;func;_for_each_state;action;redraw;pcall;renderer.lua:1129;render;_prepare_content;prepare;prepare;prepare;prepare_node;render_component;pcall;container.lua:313;render_content;render_component;pcall;components.lua:116;get_defined_sign;config 1
_editor.lua:0;;;debounce;pcall;queue.lua:99;fire_event_internal;func;pcall;init.lua:1078;func;_for_each_state;action;redraw;pcall;renderer.lua:1129;render;_prepare_content;prepare;prepare;prepare;prepare_node;render_component;pcall;components.lua:293;get_icon;get_icon_data;get_icon_by_extension;if_nil 1
_editor.lua:0;;;debounce;pcall;queue.lua:99;fire_event_internal;func;pcall;init.lua:1078;func;_for_each_state;action;redraw;pcall;renderer.lua:1129;render;_prepare_content;prepare;prepare;prepare;prepare;prepare_node;render_component;pcall;container.lua:313;merge_content;calc_rendered_width 1
_editor.lua:0;;;debounce;pcall;queue.lua:99;fire_event_internal;func;pcall;init.lua:1078;func;_for_each_state;action;redraw;pcall;renderer.lua:1129;render;_prepare_content;prepare;prepare;prepare;prepare;prepare_node;append;NuiText;init;set 1
lualine.lua:352;refresh;nvim_win_call;lualine.lua:279;statusline;pcall;lualine.lua:160;draw_section;draw;update_status;pcall;lualine.lua:27;get_clients;validate;; 1
_editor.lua:0;;;debounce;pcall;queue.lua:99;fire_event_internal;func;pcall;init.lua:1078;func;_for_each_state;action;redraw;pcall;renderer.lua:1129;render;_prepare_content;prepare;prepare;prepare;prepare_node;render_component 1
init.lua:77;try;xpcall;router.lua:160;display;call.lua:134;xpcall;init.lua:153;show;update_layout;update_layout;_relayout;nvim_command;pcall;@0x0102646e34;semantic_tokens.lua:800;on_win 1
_editor.lua:0;;pcall;lualine.lua:507;refresh;nvim_win_call;lualine.lua:279;statusline;pcall;lualine.lua:160;draw_section;draw;update_status 1
_editor.lua:0;;pcall;lualine.lua:507;refresh;nvim_win_call;lualine.lua:279;statusline;pcall;lualine.lua:160;draw_section;draw;update_status;extract_highlight_colors;get_lualine_hl;split;gsplit;validate;; 1
lualine.lua:352;refresh;nvim_win_call;lualine.lua:279;statusline;pcall;lualine.lua:160;draw_section;draw;update_status;pcall;lsp-progress.lua:274;deepcopy;; 1
init.lua:77;try;xpcall;router.lua:160;display;call.lua:134;xpcall;init.lua:153;show;update_layout;update_layout;_relayout;nvim_command;pcall;@0x0102646e34;highlighter.lua:361;on_line_impl;for_each_highlight_state;fn;iter;match_preds;fn;handler;get_node_text;get_range 1
init.lua:77;try;xpcall;router.lua:160;display;call.lua:134;xpcall;init.lua:153;show;update_layout;update_layout;_relayout;nvim_command;pcall;@0x0102646e34;highlighter.lua:361;on_line_impl;for_each_highlight_state 1
init.lua:77;try;xpcall;router.lua:160;display;call.lua:134;xpcall;init.lua:153;show;update_layout;update_layout;_relayout;nvim_command;pcall;@0x0102646e34;highlighter.lua:361;on_line_impl;for_each_highlight_state;fn;iter_captures;memoize;validate;;; 1
core.lua:87;run;xpcall;alpha.lua:94;check_change_iskeyword;ft_get_option;pcall;options.lua:77;nvim_get_option_value;configs.lua:132;reattach_module;attach_module;is_enabled;is_supported;get_query_files 1
_editor.lua:0;;;debounce;pcall;queue.lua:99;fire_event_internal;func;pcall;init.lua:1078;func;_for_each_state;action;redraw;pcall;renderer.lua:1129;render;_prepare_content;prepare;prepare;prepare;prepare_node;render_component;pcall;components.lua:385;is_enabled 1
diagnostic.lua:673;execute_scheduled_display;show;validate;; 1
init.lua:77;try;xpcall;router.lua:160;check_redraw;redraw;redraw;pcall;@0x01026383ec;treesitter.lua:11;highlighter.lua:361;on_line_impl;for_each_highlight_state;fn;iter_captures 1
lualine.lua:352;refresh;nvim_win_call;lualine.lua:279;statusline;pcall;lualine.lua:160;draw_section;draw;update_status;extract_highlight_colors 1
lualine.lua:352;refresh;nvim_win_call;lualine.lua:279;statusline;pcall;lualine.lua:160;draw_section;draw;update_status;pcall;lualine.lua:27;list_formatters_for_buffer;get_matching_filetype;split;shared.lua:0 1
core.lua:309;open;open;_select;draw 1
engine.lua:49;refresh_references;pcall;lsp.lua:71;buf_request_all;buf_request;request;request;encode_and_send;inspect;putValue;putValue;putValue 1
sidebar.lua:236;_highlight_current_item;_update_lines;build_outline 1
_editor.lua:0;;;debounce;pcall;queue.lua:99;fire_event_internal;func;pcall;init.lua:1078;func;_for_each_state;action;redraw;pcall;renderer.lua:1129;render;_prepare_content;prepare;prepare;prepare_node;append 1
init.lua:77;try;xpcall;router.lua:160;display;call.lua:134;xpcall;init.lua:153;show;render;render;render;highlight;highlight;on_render;pcall;cmdline.lua:222;redrawstatus;bufferline.lua:54;tabline;statusline_str_width 1
core.lua:309;open;open;get_cursor_before_line;get_cursor;is_cmdline_mode 1
bufferline.lua:54;tabline;join;to_tabline_str;extend_highlight;tbl_get 1
init.lua:77;try;xpcall;router.lua:160;check_redraw;redraw;redraw;pcall;@0x01026383ec;decorator.lua:11 1
util.lua:46;pcall;util.lua:65;pcall;layout.lua:181;layout;update;foreach;fn;update;update;deep_equal 1
_editor.lua:0;pcall;endwise.lua:192 1
engine.lua:49;refresh_references;pcall;lsp.lua:71;buf_request_all;buf_request;request;request;encode_and_send;inspect; 1
init.lua:77;try;xpcall;router.lua:160;display;call.lua:134;xpcall;init.lua:153;show;render;render;render;highlight;highlight;on_render;pcall;cmdline.lua:222;redrawstatus;bufferline.lua:54;get_components;ui.lua:461;for_element;hl_group 1
_editor.lua:0;;;pcall;call.lua:134;xpcall;router.lua:160;check_redraw;is_blocking;tbl_deep_extend;validate;; 1
util.lua:143;xpcall;util.lua:144;fn;sections;section;node;node;node;del 1
init.lua:77;safe_handle;xpcall;init.lua:189;handler;update;remove;on_remove;on_buf;tbl_contains 1
rpc.lua:415;try_call;pcall;semantic_tokens.lua:779;send_request;request;flush;__index 1
init.lua:77;try;xpcall;router.lua:160;check_redraw;redraw;redraw;pcall;@0x01026383ec;bufferline.lua:54;get_components;ui.lua:461;component;__index 1
lsp.lua:548;send_changes;send_changes_for_group;incremental_changes;compute_diff;compute_end_range;align_end_position;compute_line_length 1
_editor.lua:0;;;get_symbols;convert;get_icon_and_hl 1
lualine.lua:352;refresh;nvim_win_call;lualine.lua:279;statusline;pcall;lualine.lua:160;draw_section;draw 1
config.lua:116 1
core.lua:87;run;xpcall;alpha.lua:94;check_change_iskeyword;ft_get_option;pcall;options.lua:77;nvim_get_option_value;configs.lua:132;reattach_module;attach_module;attach;start;new 1
core.lua:87;run;xpcall;alpha.lua:94;check_change_iskeyword;ft_get_option;pcall;options.lua:77;nvim_get_option_value;configs.lua:132;reattach_module;detach_module;detach;stop;destroy 1
core.lua:87;run;xpcall;alpha.lua:94;check_change_iskeyword;ft_get_option;pcall;options.lua:77;nvim_get_option_value;event.lua:72;trigger;try;xpcall;event.lua:156;nvim_exec_autocmds;config.lua:162 1
dropbar.lua:90;exec 1
rpc.lua:415;try_call;pcall;inlay_hint.lua:104;_refresh;request;request;encode_and_send;inspect;putValue;putValue;putValue;putValue 1
core.lua:87;run;xpcall;alpha.lua:94;check_change_iskeyword;ft_get_option;pcall;options.lua:77;nvim_get_option_value;event.lua:72;trigger;try;xpcall;event.lua:156;nvim_exec_autocmds;configs.lua:132;reattach_module;attach_module;attach;start;new 1
lsp.lua:548;send_changes;send_changes_for_group;incremental_changes;compute_diff;compute_start_range 1
engine.lua:49;refresh_references;pcall;lsp.lua:71;buf_request_all;buf_request;supports_method 1
bufferline.lua:54;get_components;new;get_icon;get_icon;get_icon_data;get_icon_by_extension;if_nil 1
init.lua:77;try;xpcall;router.lua:160;check_redraw;redraw;redraw;pcall;@0x01026383ec;bufferline.lua:54;__index 1
init.lua:77;try;xpcall;router.lua:160;display;call.lua:134;xpcall;init.lua:153;show;render;render;render;highlight;highlight;on_render;last 1
dropbar.lua:108;exec;tbl_isempty 1
lualine.lua:352;refresh;nvim_win_call;lualine.lua:279;statusline;pcall;lualine.lua:160;draw_section;extract_highlight_colors;get_lualine_hl 1
lualine.lua:352;refresh;nvim_win_call;lualine.lua:279;statusline;pcall;lualine.lua:160;draw_section;draw;update_status;pcall;lualine.lua:27;list_formatters_for_buffer;get_matching_filetype;split;gsplit;validate;; 1
_editor.lua:0;;pcall;lualine.lua:507;refresh;nvim_win_call;lualine.lua:279;is_focused 1
init.lua:77;safe_handle;xpcall;init.lua:189;handler 1
_editor.lua:0;;pcall;lualine.lua:507;refresh;nvim_win_call;lualine.lua:279;statusline;pcall;lualine.lua:160;draw_section;draw;update_status;get_branch 1
init.lua:77;try;xpcall;router.lua:160;display;call.lua:134;xpcall;init.lua:153;show;render;render;render;highlight;highlight;on_render;pcall;cmdline.lua:222;redrawstatus;bufferline.lua:54;render;sort_by_groups;tbl_count;validate 1
lualine.lua:352;refresh;nvim_win_call;lualine.lua:279;statusline;pcall;lualine.lua:160;draw_section;draw;apply_highlights 1
init.lua:77;try;xpcall;router.lua:160;display;check_options;deepcopy; 1
init.lua:77;try;xpcall;router.lua:160;display;check_options;reset;pcall;nui.lua:232;update_layout;_relayout;nvim_command;pcall;@0x0102646e34;bufferline.lua:54;tabline;join;to_tabline_str;extend_highlight;get_id 1
core.lua:87;run;xpcall;alpha.lua:94;check_change_iskeyword;ft_get_option;pcall;options.lua:77;nvim_get_option_value;event.lua:72;trigger;try;xpcall;event.lua:156;nvim_exec_autocmds;lualine.lua:318;tbl_extend 1
rpc.lua:415;try_call;pcall;semantic_tokens.lua:779;send_request;request;request;encode_and_send;inspect;putValue;putValue;putValue; 1
init.lua:77;try;xpcall;router.lua:160;display;check_options;reset;pcall;nui.lua:232;update_layout;_relayout;nvim_command;pcall;@0x0102646e34;bufferline.lua:54;get_components;ui.lua:461;for_element;hl_group 1
lualine.lua:352;refresh;nvim_win_call;lualine.lua:279;statusline;pcall;lualine.lua:160;draw_section;draw;update_status;format_hl 1
init.lua:77;try;xpcall;router.lua:160;display;check_options;reset;pcall;nui.lua:232;update_layout;_relayout 1
highlight.lua:322;redraw 1
_editor.lua:0;;handler;handle_diagnostics;set;nvim_exec_autocmds;diagnostics.lua:70;tbl_map;item.lua:23 1
engine.lua:49;refresh_references;pcall;lsp.lua:71;buf_request_all;buf_request;request;flush;send_changes;notify;notify;inspect;putValue;putValue;putValue;putValue;putValue;putValue 1
_editor.lua:0;;handler;handle_diagnostics;set;nvim_exec_autocmds;diagnostics.lua:70;get;;;; 1
_editor.lua:0;;;defer_fn 1
core.lua:87;run;xpcall;alpha.lua:94;check_change_iskeyword;ft_get_option;pcall;options.lua:77;nvim_get_option_value;event.lua:72;load;_load;packadd;source_runtime;source;try;xpcall;loader.lua:485;cmd;nvim_exec2;loader.lua:0;read;split;shared.lua:0 1
lualine.lua:352;refresh;nvim_win_call;lualine.lua:279;statusline;pcall;lualine.lua:160;draw_section;extract_highlight_colors;get_lualine_hl;split;shared.lua:0 1
bufferline.lua:54 1
lualine.lua:352;refresh;nvim_win_call;lualine.lua:279;statusline;pcall;lualine.lua:160;draw_section;draw;update_status;get_diagnostics;sources.lua:35;get 1
bufferline.lua:98;toggle_bufferline 1
lualine.lua:352;refresh;nvim_win_call;lualine.lua:279;statusline;pcall;lualine.lua:160;draw_section;draw;update_status 1
highlighter.lua:361;on_line_impl;for_each_highlight_state;fn;iter;match_preds 1
init.lua:77;try;xpcall;router.lua:160;display;check_options;update_options;get_layout;get_layout;normalize;normalize_padding;islist 1
init.lua:77;try;xpcall;router.lua:160;display;call.lua:134;xpcall;init.lua:153;show;show;update;hide;pcall;@0x010263736c;dropbar.lua:128;exec;get 1
lualine.lua:352;refresh;nvim_win_call;lualine.lua:279;statusline;pcall;lualine.lua:160;draw_section;draw;update_status;pcall;lsp-progress.lua:274;inspect;putValue; 1
init.lua:77;try;xpcall;router.lua:160;check_redraw;redraw;redraw;pcall;@0x01026383ec;bufferline.lua:54;render;sorter;sort;sorters.lua:97;find_index 1
_editor.lua:0;;;pcall;call.lua:134;xpcall;router.lua:160;check_redraw 1
init.lua:77;try;xpcall;router.lua:160;push;format;deepcopy 1
_editor.lua:0;;handler;handle_diagnostics;set;show;hide;hide 1
core.lua:87;run;xpcall;alpha.lua:94;check_change_iskeyword;ft_get_option;pcall;options.lua:77;update_ft_option_cache 1
core.lua:87;run;xpcall;alpha.lua:94;check_change_iskeyword;ft_get_option;pcall;options.lua:77;update_ft_option_cache;tbl_keys 1
_editor.lua:0;;handler;handle_diagnostics;set;nvim_exec_autocmds;diagnostics.lua:70;tbl_map;item.lua:23;normalize;validate;; 1
init.lua:77;try;xpcall;router.lua:160;check_redraw;fix_cursor 1
core.lua:87;run;xpcall;alpha.lua:94;check_change_iskeyword;ft_get_option;pcall;options.lua:77;nvim_get_option_value;event.lua:72;load;_load;config;try;xpcall;loader.lua:364;config;require;loader.lua:0;find;get_rtp;tbl_isempty 1
core.lua:87;run;xpcall;alpha.lua:94;check_change_iskeyword;ft_get_option;pcall;options.lua:77;nvim_get_option_value;event.lua:72;load;_load;config;try;xpcall;loader.lua:364;config;require;colorizer.lua:0;require;buffer.lua:0;require;loader.lua:0;loadfile;read;cache_file;;gsub;uri.lua:33 1
core.lua:87;run;xpcall;alpha.lua:94;check_change_iskeyword;ft_get_option;pcall;options.lua:77;nvim_get_option_value;event.lua:72;load;_load;config;try;xpcall;loader.lua:364;config;require;colorizer.lua:0;require;buffer.lua:0;require;matcher.lua:0;require;loader.lua:0 1
core.lua:87;run;xpcall;alpha.lua:94;check_change_iskeyword;ft_get_option;pcall;options.lua:77;nvim_get_option_value;event.lua:72;load;_load;config;try;xpcall;loader.lua:364;config;require;colorizer.lua:0;require;buffer.lua:0;require;matcher.lua:0;require;names.lua:0;require;utils.lua:0 1
_editor.lua:0;;get;is_cmdline_mode;get_mode 1
init.lua:77;try;xpcall;router.lua:160;check_redraw;is_blocking 1
core.lua:87;run;xpcall;alpha.lua:94;check_change_iskeyword;ft_get_option;pcall;options.lua:77;nvim_get_option_value;event.lua:72;load;_load;packadd;source_runtime;source;track 1
_editor.lua:0;;handler;handle_diagnostics;set;nvim_exec_autocmds;diagnostics.lua:70;get;get_diagnostics;add_all_diags;add 1
_editor.lua:0;;pcall;lualine.lua:507;refresh;nvim_win_call;lualine.lua:279;statusline;pcall;lualine.lua:85;fill_section_separator 1
corn.lua:30;render;get_diagnostic_items;get;get_diagnostics;add_all_diags 1
engine.lua:49;refresh_references;pcall;lsp.lua:71;pcall;lsp.lua:884;cancel_request;inspect;putValue;;sort;inspect.lua:0 1
core.lua:309;open;get_entries;match;callback;get_vim_item;callback;format;split 1
autocmd.lua:22;emit;callback;on_change;autoindent;callback;complete;get_sources;is_available;_get 1
_editor.lua:0;;handler;on_symbols;refresh_handler;_merge_items;merge_items_rec;merge_items_rec;merge_items_rec;deep_equal 1
core.lua:87;run;xpcall;alpha.lua:94;check_change_iskeyword;ft_get_option;pcall;options.lua:77;nvim_get_option_value;event.lua:72;load;_load;config;try;xpcall;loader.lua:364;config;require;colorizer.lua:0;require;buffer.lua:0;require;loader.lua:0 1
init.lua:77;try;xpcall;router.lua:160;display;call.lua:134;xpcall;init.lua:153;show;mount;mount;mount;_open_window;nvim_command;pcall;@0x0102646e34;bufferline.lua:54;tabline;join;to_tabline_str;__index 1
init.lua:77;try;xpcall;router.lua:160;display;call.lua:134;xpcall;init.lua:153;show;mount;mount;mount;_open_window;nvim_command;pcall;@0x0102646e34;highlighter.lua:392;prepare_highlight_states;for_each_tree;for_each_tree;fn 1
init.lua:77;try;xpcall;router.lua:160;display;call.lua:134;xpcall;init.lua:153;show;mount;mount;mount;_open_window;nvim_command;pcall;@0x0102646e34;highlighter.lua:361;on_line_impl;for_each_highlight_state 1
init.lua:77;try;xpcall;router.lua:160;display;call.lua:134;xpcall;init.lua:153;show;mount;mount;mount;_open_window;nvim_command;pcall;@0x0102646e34;bufferline.lua:54;render;get_group_marker;get_component_size 1
init.lua:77;try;xpcall;router.lua:160;display;call.lua:134;xpcall;init.lua:153;show;mount;mount;mount;_open_window;nvim_command;pcall;@0x0102646e34;bufferline.lua:54;is_tabline;mode;__index 1
init.lua:77;try;xpcall;router.lua:160;display;call.lua:134;xpcall;init.lua:153;show;mount;mount;mount;_open_window;nvim_command;pcall;@0x0102646e34;bufferline.lua:54;get_components;new 1
init.lua:77;try;xpcall;router.lua:160;display;call.lua:134;xpcall;init.lua:153;show;render;render;render;highlight;highlight;on_render;pcall;cmdline.lua:222;redrawstatus;bufferline.lua:54;get_components;set_id 1
init.lua:77;try;xpcall;router.lua:160;display;call.lua:134;xpcall;init.lua:153;show;mount;mount;mount;_open_window;nvim_command;pcall;@0x0102646e34;highlighter.lua:361;on_line_impl;for_each_highlight_state;fn;iter 1
init.lua:77;try;xpcall;router.lua:160;display;call.lua:134;xpcall;init.lua:153;show;mount;mount;set_buf_options;set_buf_option;nvim_set_option_value;configs.lua:132;reattach_module;detach_module;resolve_module;get_module;get_at_path;split;shared.lua:0 1
init.lua:77;try;xpcall;router.lua:160;display;call.lua:134;xpcall;init.lua:153;show;render;render;render;highlight;highlight;on_render;pcall;cmdline.lua:222;redrawstatus;bufferline.lua:54;tabline;get_sections 1
init.lua:77;try;xpcall;router.lua:160;display;check_options;reset;pcall;nui.lua:232;update_layout;_relayout;nvim_command;pcall;@0x0102646e34;highlighter.lua:392;prepare_highlight_states;for_each_tree;for_each_tree 1
init.lua:77;try;xpcall;router.lua:160;display;call.lua:134;xpcall;init.lua:153;show;mount;mount;mount;_open_window;nvim_command;pcall;@0x0102646e34;highlighter.lua:361;on_line_impl;for_each_highlight_state;fn;iter;apply_directives;fn 1
init.lua:77;try;xpcall;router.lua:160;display;check_options;reset;pcall;nui.lua:232;update_layout;_relayout;calculate_buf_lines;calculate_buf_edge_line;Text;init;set 1
init.lua:77;try;xpcall;router.lua:160;check_redraw;redraw;redraw;pcall;@0x01026383ec;bufferline.lua:54;tabline;join;to_tabline_str;tbl_flatten;tbl_flatten;shared.lua:0; 1
bufferline.lua:54;get_components;ui.lua:461;get_component_size 1
rpc.lua:415;try_call;pcall;semantic_tokens.lua:779;send_request;request;request;encode_and_send;inspect;putValue; 1
init.lua:77;try;xpcall;router.lua:160;display;check_options;update_options;tbl_deep_extend 1
init.lua:77;try;xpcall;router.lua:160;push;format;formatters.lua:11;append;append;_append 1
init.lua:77;try;xpcall;router.lua:160;display;call.lua:134;xpcall;init.lua:153;show;render;render;render;highlight;highlight;on_render;pcall;cmdline.lua:222;redrawstatus;bufferline.lua:54;get_components;ui.lua:461;add_suffix;get_close_icon;tbl_contains 1
lsp.lua:303;get_clients 1
util.lua:143;xpcall;util.lua:144;fn;sections;section;node;node 1
_editor.lua:0;;;debounce;pcall;queue.lua:99;fire_event_internal;func;pcall;init.lua:1078;func;_for_each_state;action;redraw;pcall;renderer.lua:1129;render;_prepare_content;prepare;prepare;prepare_node;render_component;pcall;container.lua:313;render_content;render_component 1
util.lua:143;xpcall;util.lua:144;fn;new;xpcall;promise.lua:51;executor;main_call;nvim_win_call;section.lua:109;fn;finder;cb;build;inspect;putValue 1
init.lua:77;try;xpcall;router.lua:160;display;check_options;tbl_deep_extend; 1
bufferline.lua:98;toggle_bufferline;is_tabline;__index 1
main.lua:33;emit;listener;onChanged;didChange;doParse 1
bufferline.lua:54;get_components;ui.lua:461;add_separators 1
async.lua:284 1
init.lua:77;try;xpcall;router.lua:160;display;hide;call.lua:134;xpcall;nui.lua:164;unmount;_buf_destroy;nvim_buf_delete;[string]:0;npcall 1
init.lua:77;try;xpcall;router.lua:160;check_redraw;redraw;redraw;pcall;@0x01026383ec;highlighter.lua:392;prepare_highlight_states;for_each_tree;fn 1
util.lua:143;xpcall;util.lua:144;fn;sections;section;node;node;node;item;multi_line;del 1
init.lua:77;try;protect;tbl_deep_extend 1
init.lua:77;try;xpcall;router.lua:160;display;hide;protect;tbl_deep_extend 1
core.lua:309;open;get_entries 1
init.lua:77;try;xpcall;router.lua:160;display;call.lua:134;xpcall;init.lua:153;show;render;render;render;highlight;highlight;highlight;new;get;fn;get_files 1
bufferline.lua:98;toggle_bufferline;is_tabline 1
bufferline.lua:54;render;get_group_marker;__index 1
init.lua:77;try;xpcall;router.lua:160;display;call.lua:134;xpcall;init.lua:153;show;render;ignore_events;fn;set_buf_options;set_buf_option 1
[string]:0;run;custom_entries_view.lua:462;call;t 1
init.lua:77;safe_handle;xpcall;init.lua:189;handler;update;format;virtual_text;init;init;set;deepcopy;; 1
init.lua:77;try;xpcall;router.lua:160;display;call.lua:134;xpcall;init.lua:153;show;update_layout;update_layout;_relayout;nvim_command;pcall;@0x0102646e34;bufferline.lua:54;render;sorter;__index 1
init.lua:77;try;xpcall;router.lua:160;display;call.lua:134;xpcall;init.lua:153;show;update_layout;update_layout;_relayout;nvim_command;pcall;@0x0102646e34;manager.lua:553 1
init.lua:77;try;xpcall;router.lua:160;display;call.lua:134;xpcall;init.lua:153;show;update_layout;update_layout;_relayout;nvim_command;pcall;@0x0102646e34;[string]:0 1
init.lua:77;try;xpcall;router.lua:160;display;call.lua:134;xpcall;init.lua:153;show;render;render;render;highlight;highlight;highlight;parse;_parse_regions;list_extend;validate;;;is_callable 1
bufferline.lua:54;get_components;get_valid_buffers;validate;; 1
core.lua:87;run;xpcall;alpha.lua:94;check_change_iskeyword;ft_get_option;pcall;options.lua:77;nvim_get_option_value;event.lua:72;load;_load;config;try;xpcall;loader.lua:364;config;require;colorizer.lua:0;require;buffer.lua:0;require;loader.lua:0;find;loader.lua:0;get_hash 1
lsp.lua:548;send_changes;send_changes_for_group;send_changes;buf_is_attached;get_clients 1
core.lua:309;get_sources;is_available;tbl_isempty 1
init.lua:77;try;xpcall;router.lua:160;display;call.lua:134;xpcall;init.lua:153;show;show;update;__index 1
init.lua:77;try;xpcall;router.lua:160;display;call.lua:134;xpcall;init.lua:153;show;render;render;render;highlight;highlight;on_render;pcall;cmdline.lua:222;redrawstatus;bufferline.lua:54;get_components;ui.lua:461;for_element 1
init.lua:77;try;xpcall;router.lua:160;display;call.lua:134;xpcall;init.lua:153;show;render;render;render;highlight;highlight;on_render;pcall;cmdline.lua:222;redrawstatus;bufferline.lua:54;get_components;ui.lua:461;add_separators;current 1
lualine.lua:352;refresh;nvim_win_call;lualine.lua:279;statusline;pcall;lualine.lua:160;draw_section;format_highlight;append_mode;get_mode_suffix;get_mode 1
init.lua:77;try;xpcall;router.lua:160;check_redraw;redraw;redraw;pcall;@0x01026383ec;bufferline.lua:54;get_components;ui.lua:461;get_component_size 1
bufferline.lua:54;get_components;set_id 1
init.lua:77;try;xpcall;router.lua:160;display;call.lua:134;xpcall;init.lua:153;show;render;render;render;content;tbl_map 1
core.lua:309;get_context;new 1
init.lua:77;try;xpcall;router.lua:160;check_redraw;redraw;redraw;pcall;@0x01026383ec;bufferline.lua:54;tabline;get_sections;current 1
core.lua:309;open;get_entries;get_entry_filter;get_source_config 1
text.lua:180;attach;_attach_lang;parse;_add_injections;tcall;f;(for generator) 1
util.lua:143;xpcall;util.lua:144;fn;render;set_extmark 1
init.lua:77;try;xpcall;router.lua:160;display;call.lua:134;xpcall;init.lua:153;show;show;update;hide;pcall;@0x010263736c;editor.lua:34 1
init.lua:77;safe_handle;xpcall;init.lua:189;handler;deep_equal;deep_equal;deep_equal 1
init.lua:77;try;xpcall;router.lua:160;display;call.lua:134;xpcall;init.lua:153;show;render;render;render;highlight;highlight;highlight;set_included_regions;add_bytes 1
init.lua:77;try;xpcall;router.lua:160;display;call.lua:134;xpcall;init.lua:153;show;render;render;render;highlight;highlight;on_render;pcall;cmdline.lua:222;redrawstatus;bufferline.lua:54;render;get_group_marker;get_component_size 1
init.lua:77;try;xpcall;router.lua:160;push;format;__index 1
init.lua:77;try;xpcall;router.lua:160;display;call.lua:134;xpcall;init.lua:153;show;render;render;render;highlight;highlight;on_render;pcall;cmdline.lua:222;redrawstatus;bufferline.lua:54;get_components;ui.lua:461;get_name;__index 1
init.lua:77;try;xpcall;router.lua:160;get_views 1
init.lua:77;try;xpcall;router.lua:160;display;call.lua:134;xpcall;init.lua:153;show;render;render;render;highlight;highlight;highlight;for_each_tree;fn;startswith;validate;; 1
_editor.lua:0;;;debounce;pcall;queue.lua:99;fire_event_internal;func;pcall;init.lua:1078;func;_for_each_state;action;redraw;pcall;renderer.lua:1129;render;_prepare_content;prepare;prepare;prepare;prepare;prepare_node;render_component;pcall;container.lua:313;render_content 1
